The system is: Linux - 5.7.0-kali1-amd64 - x86_64
Compiling the C compiler identification source file "CMakeCCompilerId.c" succeeded.
Compiler: /usr/bin/cc 
Build flags: 
Id flags:  

The output was:
0


Compilation of the C compiler identification source "CMakeCCompilerId.c" produced "a.out"

The C compiler identification is GNU, found in "/home/king/ollvm/llvm-project-llvmorg-9.0.1/build-debug/CMakeFiles/3.16.3/CompilerIdC/a.out"

Compiling the CXX compiler identification source file "CMakeCXXCompilerId.cpp" succeeded.
Compiler: /usr/bin/c++ 
Build flags: 
Id flags:  

The output was:
0


Compilation of the CXX compiler identification source "CMakeCXXCompilerId.cpp" produced "a.out"

The CXX compiler identification is GNU, found in "/home/king/ollvm/llvm-project-llvmorg-9.0.1/build-debug/CMakeFiles/3.16.3/CompilerIdCXX/a.out"

Checking whether the ASM compiler is GNU using "--version" matched "(GNU assembler)|(GCC)|(Free Software Foundation)":
cc (Debian 10.1.0-6) 10.1.0
Copyright (C) 2020 Free Software Foundation, Inc.
This is free software; see the source for copying conditions.  There is NO
warranty; not even for MERCHANTABILITY or FITNESS FOR A PARTICULAR PURPOSE.

Determining if the C compiler works passed with the following output:
Change Dir: /home/king/ollvm/llvm-project-llvmorg-9.0.1/build-debug/CMakeFiles/CMakeTmp

Run Build Command(s):/usr/bin/ninja cmTC_5e218 && [1/2] Building C object CMakeFiles/cmTC_5e218.dir/testCCompiler.c.o
[2/2] Linking C executable cmTC_5e218



Detecting C compiler ABI info compiled with the following output:
Change Dir: /home/king/ollvm/llvm-project-llvmorg-9.0.1/build-debug/CMakeFiles/CMakeTmp

Run Build Command(s):/usr/bin/ninja cmTC_bbabe && [1/2] Building C object CMakeFiles/cmTC_bbabe.dir/CMakeCCompilerABI.c.o
Using built-in specs.
COLLECT_GCC=/usr/bin/cc
OFFLOAD_TARGET_NAMES=nvptx-none:amdgcn-amdhsa:hsa
OFFLOAD_TARGET_DEFAULT=1
Target: x86_64-linux-gnu
Configured with: ../src/configure -v --with-pkgversion='Debian 10.1.0-6' --with-bugurl=file:///usr/share/doc/gcc-10/README.Bugs --enable-languages=c,ada,c++,go,brig,d,fortran,objc,obj-c++,m2 --prefix=/usr --with-gcc-major-version-only --program-suffix=-10 --program-prefix=x86_64-linux-gnu- --enable-shared --enable-linker-build-id --libexecdir=/usr/lib --without-included-gettext --enable-threads=posix --libdir=/usr/lib --enable-nls --enable-clocale=gnu --enable-libstdcxx-debug --enable-libstdcxx-time=yes --with-default-libstdcxx-abi=new --enable-gnu-unique-object --disable-vtable-verify --enable-plugin --enable-default-pie --with-system-zlib --enable-libphobos-checking=release --with-target-system-zlib=auto --enable-objc-gc=auto --enable-multiarch --disable-werror --with-arch-32=i686 --with-abi=m64 --with-multilib-list=m32,m64,mx32 --enable-multilib --with-tune=generic --enable-offload-targets=nvptx-none=/build/gcc-10-3rJeQt/gcc-10-10.1.0/debian/tmp-nvptx/usr,amdgcn-amdhsa=/build/gcc-10-3rJeQt/gcc-10-10.1.0/debian/tmp-gcn/usr,hsa --without-cuda-driver --enable-checking=release --build=x86_64-linux-gnu --host=x86_64-linux-gnu --target=x86_64-linux-gnu
Thread model: posix
Supported LTO compression algorithms: zlib zstd
gcc version 10.1.0 (Debian 10.1.0-6) 
COLLECT_GCC_OPTIONS='-v' '-o' 'CMakeFiles/cmTC_bbabe.dir/CMakeCCompilerABI.c.o' '-c' '-mtune=generic' '-march=x86-64'
 /usr/lib/gcc/x86_64-linux-gnu/10/cc1 -quiet -v -imultiarch x86_64-linux-gnu /usr/share/cmake-3.16/Modules/CMakeCCompilerABI.c -quiet -dumpbase CMakeCCompilerABI.c -mtune=generic -march=x86-64 -auxbase-strip CMakeFiles/cmTC_bbabe.dir/CMakeCCompilerABI.c.o -version -fasynchronous-unwind-tables -o /tmp/ccNcF9Dx.s
GNU C17 (Debian 10.1.0-6) version 10.1.0 (x86_64-linux-gnu)
	compiled by GNU C version 10.1.0, GMP version 6.2.0, MPFR version 4.1.0, MPC version 1.1.0, isl version isl-0.22.1-GMP

warning: MPC header version 1.1.0 differs from library version 1.2.0-rc1.
GGC heuristics: --param ggc-min-expand=100 --param ggc-min-heapsize=131072
ignoring nonexistent directory "/usr/local/include/x86_64-linux-gnu"
ignoring nonexistent directory "/usr/lib/gcc/x86_64-linux-gnu/10/include-fixed"
ignoring nonexistent directory "/usr/lib/gcc/x86_64-linux-gnu/10/../../../../x86_64-linux-gnu/include"
#include "..." search starts here:
#include <...> search starts here:
 /usr/lib/gcc/x86_64-linux-gnu/10/include
 /usr/local/include
 /usr/include/x86_64-linux-gnu
 /usr/include
End of search list.
GNU C17 (Debian 10.1.0-6) version 10.1.0 (x86_64-linux-gnu)
	compiled by GNU C version 10.1.0, GMP version 6.2.0, MPFR version 4.1.0, MPC version 1.1.0, isl version isl-0.22.1-GMP

warning: MPC header version 1.1.0 differs from library version 1.2.0-rc1.
GGC heuristics: --param ggc-min-expand=100 --param ggc-min-heapsize=131072
Compiler executable checksum: 60d12f1ecd241a045a3bdc91ab49a8c2
COLLECT_GCC_OPTIONS='-v' '-o' 'CMakeFiles/cmTC_bbabe.dir/CMakeCCompilerABI.c.o' '-c' '-mtune=generic' '-march=x86-64'
 as -v --64 -o CMakeFiles/cmTC_bbabe.dir/CMakeCCompilerABI.c.o /tmp/ccNcF9Dx.s
GNU assembler version 2.35 (x86_64-linux-gnu) using BFD version (GNU Binutils for Debian) 2.35
COMPILER_PATH=/usr/lib/gcc/x86_64-linux-gnu/10/:/usr/lib/gcc/x86_64-linux-gnu/10/:/usr/lib/gcc/x86_64-linux-gnu/:/usr/lib/gcc/x86_64-linux-gnu/10/:/usr/lib/gcc/x86_64-linux-gnu/
LIBRARY_PATH=/usr/lib/gcc/x86_64-linux-gnu/10/:/usr/lib/gcc/x86_64-linux-gnu/10/../../../x86_64-linux-gnu/:/usr/lib/gcc/x86_64-linux-gnu/10/../../../../lib/:/lib/x86_64-linux-gnu/:/lib/../lib/:/usr/lib/x86_64-linux-gnu/:/usr/lib/../lib/:/usr/lib/gcc/x86_64-linux-gnu/10/../../../:/lib/:/usr/lib/
COLLECT_GCC_OPTIONS='-v' '-o' 'CMakeFiles/cmTC_bbabe.dir/CMakeCCompilerABI.c.o' '-c' '-mtune=generic' '-march=x86-64'
[2/2] Linking C executable cmTC_bbabe
Using built-in specs.
COLLECT_GCC=/usr/bin/cc
COLLECT_LTO_WRAPPER=/usr/lib/gcc/x86_64-linux-gnu/10/lto-wrapper
OFFLOAD_TARGET_NAMES=nvptx-none:amdgcn-amdhsa:hsa
OFFLOAD_TARGET_DEFAULT=1
Target: x86_64-linux-gnu
Configured with: ../src/configure -v --with-pkgversion='Debian 10.1.0-6' --with-bugurl=file:///usr/share/doc/gcc-10/README.Bugs --enable-languages=c,ada,c++,go,brig,d,fortran,objc,obj-c++,m2 --prefix=/usr --with-gcc-major-version-only --program-suffix=-10 --program-prefix=x86_64-linux-gnu- --enable-shared --enable-linker-build-id --libexecdir=/usr/lib --without-included-gettext --enable-threads=posix --libdir=/usr/lib --enable-nls --enable-clocale=gnu --enable-libstdcxx-debug --enable-libstdcxx-time=yes --with-default-libstdcxx-abi=new --enable-gnu-unique-object --disable-vtable-verify --enable-plugin --enable-default-pie --with-system-zlib --enable-libphobos-checking=release --with-target-system-zlib=auto --enable-objc-gc=auto --enable-multiarch --disable-werror --with-arch-32=i686 --with-abi=m64 --with-multilib-list=m32,m64,mx32 --enable-multilib --with-tune=generic --enable-offload-targets=nvptx-none=/build/gcc-10-3rJeQt/gcc-10-10.1.0/debian/tmp-nvptx/usr,amdgcn-amdhsa=/build/gcc-10-3rJeQt/gcc-10-10.1.0/debian/tmp-gcn/usr,hsa --without-cuda-driver --enable-checking=release --build=x86_64-linux-gnu --host=x86_64-linux-gnu --target=x86_64-linux-gnu
Thread model: posix
Supported LTO compression algorithms: zlib zstd
gcc version 10.1.0 (Debian 10.1.0-6) 
COMPILER_PATH=/usr/lib/gcc/x86_64-linux-gnu/10/:/usr/lib/gcc/x86_64-linux-gnu/10/:/usr/lib/gcc/x86_64-linux-gnu/:/usr/lib/gcc/x86_64-linux-gnu/10/:/usr/lib/gcc/x86_64-linux-gnu/
LIBRARY_PATH=/usr/lib/gcc/x86_64-linux-gnu/10/:/usr/lib/gcc/x86_64-linux-gnu/10/../../../x86_64-linux-gnu/:/usr/lib/gcc/x86_64-linux-gnu/10/../../../../lib/:/lib/x86_64-linux-gnu/:/lib/../lib/:/usr/lib/x86_64-linux-gnu/:/usr/lib/../lib/:/usr/lib/gcc/x86_64-linux-gnu/10/../../../:/lib/:/usr/lib/
COLLECT_GCC_OPTIONS='-v' '-o' 'cmTC_bbabe' '-mtune=generic' '-march=x86-64'
 /usr/lib/gcc/x86_64-linux-gnu/10/collect2 -plugin /usr/lib/gcc/x86_64-linux-gnu/10/liblto_plugin.so -plugin-opt=/usr/lib/gcc/x86_64-linux-gnu/10/lto-wrapper -plugin-opt=-fresolution=/tmp/ccfU1YIQ.res -plugin-opt=-pass-through=-lgcc -plugin-opt=-pass-through=-lgcc_s -plugin-opt=-pass-through=-lc -plugin-opt=-pass-through=-lgcc -plugin-opt=-pass-through=-lgcc_s --build-id --eh-frame-hdr -m elf_x86_64 --hash-style=gnu --as-needed -dynamic-linker /lib64/ld-linux-x86-64.so.2 -pie -o cmTC_bbabe /usr/lib/gcc/x86_64-linux-gnu/10/../../../x86_64-linux-gnu/Scrt1.o /usr/lib/gcc/x86_64-linux-gnu/10/../../../x86_64-linux-gnu/crti.o /usr/lib/gcc/x86_64-linux-gnu/10/crtbeginS.o -L/usr/lib/gcc/x86_64-linux-gnu/10 -L/usr/lib/gcc/x86_64-linux-gnu/10/../../../x86_64-linux-gnu -L/usr/lib/gcc/x86_64-linux-gnu/10/../../../../lib -L/lib/x86_64-linux-gnu -L/lib/../lib -L/usr/lib/x86_64-linux-gnu -L/usr/lib/../lib -L/usr/lib/gcc/x86_64-linux-gnu/10/../../.. CMakeFiles/cmTC_bbabe.dir/CMakeCCompilerABI.c.o -lgcc --push-state --as-needed -lgcc_s --pop-state -lc -lgcc --push-state --as-needed -lgcc_s --pop-state /usr/lib/gcc/x86_64-linux-gnu/10/crtendS.o /usr/lib/gcc/x86_64-linux-gnu/10/../../../x86_64-linux-gnu/crtn.o
COLLECT_GCC_OPTIONS='-v' '-o' 'cmTC_bbabe' '-mtune=generic' '-march=x86-64'



Parsed C implicit include dir info from above output: rv=done
  found start of include info
  found start of implicit include info
    add: [/usr/lib/gcc/x86_64-linux-gnu/10/include]
    add: [/usr/local/include]
    add: [/usr/include/x86_64-linux-gnu]
    add: [/usr/include]
  end of search list found
  collapse include dir [/usr/lib/gcc/x86_64-linux-gnu/10/include] ==> [/usr/lib/gcc/x86_64-linux-gnu/10/include]
  collapse include dir [/usr/local/include] ==> [/usr/local/include]
  collapse include dir [/usr/include/x86_64-linux-gnu] ==> [/usr/include/x86_64-linux-gnu]
  collapse include dir [/usr/include] ==> [/usr/include]
  implicit include dirs: [/usr/lib/gcc/x86_64-linux-gnu/10/include;/usr/local/include;/usr/include/x86_64-linux-gnu;/usr/include]


Parsed C implicit link information from above output:
  link line regex: [^( *|.*[/\])(ld|CMAKE_LINK_STARTFILE-NOTFOUND|([^/\]+-)?ld|collect2)[^/\]*( |$)]
  ignore line: [Change Dir: /home/king/ollvm/llvm-project-llvmorg-9.0.1/build-debug/CMakeFiles/CMakeTmp]
  ignore line: []
  ignore line: [Run Build Command(s):/usr/bin/ninja cmTC_bbabe && [1/2] Building C object CMakeFiles/cmTC_bbabe.dir/CMakeCCompilerABI.c.o]
  ignore line: [Using built-in specs.]
  ignore line: [COLLECT_GCC=/usr/bin/cc]
  ignore line: [OFFLOAD_TARGET_NAMES=nvptx-none:amdgcn-amdhsa:hsa]
  ignore line: [OFFLOAD_TARGET_DEFAULT=1]
  ignore line: [Target: x86_64-linux-gnu]
  ignore line: [Configured with: ../src/configure -v --with-pkgversion='Debian 10.1.0-6' --with-bugurl=file:///usr/share/doc/gcc-10/README.Bugs --enable-languages=c ada c++ go brig d fortran objc obj-c++ m2 --prefix=/usr --with-gcc-major-version-only --program-suffix=-10 --program-prefix=x86_64-linux-gnu- --enable-shared --enable-linker-build-id --libexecdir=/usr/lib --without-included-gettext --enable-threads=posix --libdir=/usr/lib --enable-nls --enable-clocale=gnu --enable-libstdcxx-debug --enable-libstdcxx-time=yes --with-default-libstdcxx-abi=new --enable-gnu-unique-object --disable-vtable-verify --enable-plugin --enable-default-pie --with-system-zlib --enable-libphobos-checking=release --with-target-system-zlib=auto --enable-objc-gc=auto --enable-multiarch --disable-werror --with-arch-32=i686 --with-abi=m64 --with-multilib-list=m32 m64 mx32 --enable-multilib --with-tune=generic --enable-offload-targets=nvptx-none=/build/gcc-10-3rJeQt/gcc-10-10.1.0/debian/tmp-nvptx/usr amdgcn-amdhsa=/build/gcc-10-3rJeQt/gcc-10-10.1.0/debian/tmp-gcn/usr hsa --without-cuda-driver --enable-checking=release --build=x86_64-linux-gnu --host=x86_64-linux-gnu --target=x86_64-linux-gnu]
  ignore line: [Thread model: posix]
  ignore line: [Supported LTO compression algorithms: zlib zstd]
  ignore line: [gcc version 10.1.0 (Debian 10.1.0-6) ]
  ignore line: [COLLECT_GCC_OPTIONS='-v' '-o' 'CMakeFiles/cmTC_bbabe.dir/CMakeCCompilerABI.c.o' '-c' '-mtune=generic' '-march=x86-64']
  ignore line: [ /usr/lib/gcc/x86_64-linux-gnu/10/cc1 -quiet -v -imultiarch x86_64-linux-gnu /usr/share/cmake-3.16/Modules/CMakeCCompilerABI.c -quiet -dumpbase CMakeCCompilerABI.c -mtune=generic -march=x86-64 -auxbase-strip CMakeFiles/cmTC_bbabe.dir/CMakeCCompilerABI.c.o -version -fasynchronous-unwind-tables -o /tmp/ccNcF9Dx.s]
  ignore line: [GNU C17 (Debian 10.1.0-6) version 10.1.0 (x86_64-linux-gnu)]
  ignore line: [	compiled by GNU C version 10.1.0  GMP version 6.2.0  MPFR version 4.1.0  MPC version 1.1.0  isl version isl-0.22.1-GMP]
  ignore line: []
  ignore line: [warning: MPC header version 1.1.0 differs from library version 1.2.0-rc1.]
  ignore line: [GGC heuristics: --param ggc-min-expand=100 --param ggc-min-heapsize=131072]
  ignore line: [ignoring nonexistent directory "/usr/local/include/x86_64-linux-gnu"]
  ignore line: [ignoring nonexistent directory "/usr/lib/gcc/x86_64-linux-gnu/10/include-fixed"]
  ignore line: [ignoring nonexistent directory "/usr/lib/gcc/x86_64-linux-gnu/10/../../../../x86_64-linux-gnu/include"]
  ignore line: [#include "..." search starts here:]
  ignore line: [#include <...> search starts here:]
  ignore line: [ /usr/lib/gcc/x86_64-linux-gnu/10/include]
  ignore line: [ /usr/local/include]
  ignore line: [ /usr/include/x86_64-linux-gnu]
  ignore line: [ /usr/include]
  ignore line: [End of search list.]
  ignore line: [GNU C17 (Debian 10.1.0-6) version 10.1.0 (x86_64-linux-gnu)]
  ignore line: [	compiled by GNU C version 10.1.0  GMP version 6.2.0  MPFR version 4.1.0  MPC version 1.1.0  isl version isl-0.22.1-GMP]
  ignore line: []
  ignore line: [warning: MPC header version 1.1.0 differs from library version 1.2.0-rc1.]
  ignore line: [GGC heuristics: --param ggc-min-expand=100 --param ggc-min-heapsize=131072]
  ignore line: [Compiler executable checksum: 60d12f1ecd241a045a3bdc91ab49a8c2]
  ignore line: [COLLECT_GCC_OPTIONS='-v' '-o' 'CMakeFiles/cmTC_bbabe.dir/CMakeCCompilerABI.c.o' '-c' '-mtune=generic' '-march=x86-64']
  ignore line: [ as -v --64 -o CMakeFiles/cmTC_bbabe.dir/CMakeCCompilerABI.c.o /tmp/ccNcF9Dx.s]
  ignore line: [GNU assembler version 2.35 (x86_64-linux-gnu) using BFD version (GNU Binutils for Debian) 2.35]
  ignore line: [COMPILER_PATH=/usr/lib/gcc/x86_64-linux-gnu/10/:/usr/lib/gcc/x86_64-linux-gnu/10/:/usr/lib/gcc/x86_64-linux-gnu/:/usr/lib/gcc/x86_64-linux-gnu/10/:/usr/lib/gcc/x86_64-linux-gnu/]
  ignore line: [LIBRARY_PATH=/usr/lib/gcc/x86_64-linux-gnu/10/:/usr/lib/gcc/x86_64-linux-gnu/10/../../../x86_64-linux-gnu/:/usr/lib/gcc/x86_64-linux-gnu/10/../../../../lib/:/lib/x86_64-linux-gnu/:/lib/../lib/:/usr/lib/x86_64-linux-gnu/:/usr/lib/../lib/:/usr/lib/gcc/x86_64-linux-gnu/10/../../../:/lib/:/usr/lib/]
  ignore line: [COLLECT_GCC_OPTIONS='-v' '-o' 'CMakeFiles/cmTC_bbabe.dir/CMakeCCompilerABI.c.o' '-c' '-mtune=generic' '-march=x86-64']
  ignore line: [[2/2] Linking C executable cmTC_bbabe]
  ignore line: [Using built-in specs.]
  ignore line: [COLLECT_GCC=/usr/bin/cc]
  ignore line: [COLLECT_LTO_WRAPPER=/usr/lib/gcc/x86_64-linux-gnu/10/lto-wrapper]
  ignore line: [OFFLOAD_TARGET_NAMES=nvptx-none:amdgcn-amdhsa:hsa]
  ignore line: [OFFLOAD_TARGET_DEFAULT=1]
  ignore line: [Target: x86_64-linux-gnu]
  ignore line: [Configured with: ../src/configure -v --with-pkgversion='Debian 10.1.0-6' --with-bugurl=file:///usr/share/doc/gcc-10/README.Bugs --enable-languages=c ada c++ go brig d fortran objc obj-c++ m2 --prefix=/usr --with-gcc-major-version-only --program-suffix=-10 --program-prefix=x86_64-linux-gnu- --enable-shared --enable-linker-build-id --libexecdir=/usr/lib --without-included-gettext --enable-threads=posix --libdir=/usr/lib --enable-nls --enable-clocale=gnu --enable-libstdcxx-debug --enable-libstdcxx-time=yes --with-default-libstdcxx-abi=new --enable-gnu-unique-object --disable-vtable-verify --enable-plugin --enable-default-pie --with-system-zlib --enable-libphobos-checking=release --with-target-system-zlib=auto --enable-objc-gc=auto --enable-multiarch --disable-werror --with-arch-32=i686 --with-abi=m64 --with-multilib-list=m32 m64 mx32 --enable-multilib --with-tune=generic --enable-offload-targets=nvptx-none=/build/gcc-10-3rJeQt/gcc-10-10.1.0/debian/tmp-nvptx/usr amdgcn-amdhsa=/build/gcc-10-3rJeQt/gcc-10-10.1.0/debian/tmp-gcn/usr hsa --without-cuda-driver --enable-checking=release --build=x86_64-linux-gnu --host=x86_64-linux-gnu --target=x86_64-linux-gnu]
  ignore line: [Thread model: posix]
  ignore line: [Supported LTO compression algorithms: zlib zstd]
  ignore line: [gcc version 10.1.0 (Debian 10.1.0-6) ]
  ignore line: [COMPILER_PATH=/usr/lib/gcc/x86_64-linux-gnu/10/:/usr/lib/gcc/x86_64-linux-gnu/10/:/usr/lib/gcc/x86_64-linux-gnu/:/usr/lib/gcc/x86_64-linux-gnu/10/:/usr/lib/gcc/x86_64-linux-gnu/]
  ignore line: [LIBRARY_PATH=/usr/lib/gcc/x86_64-linux-gnu/10/:/usr/lib/gcc/x86_64-linux-gnu/10/../../../x86_64-linux-gnu/:/usr/lib/gcc/x86_64-linux-gnu/10/../../../../lib/:/lib/x86_64-linux-gnu/:/lib/../lib/:/usr/lib/x86_64-linux-gnu/:/usr/lib/../lib/:/usr/lib/gcc/x86_64-linux-gnu/10/../../../:/lib/:/usr/lib/]
  ignore line: [COLLECT_GCC_OPTIONS='-v' '-o' 'cmTC_bbabe' '-mtune=generic' '-march=x86-64']
  link line: [ /usr/lib/gcc/x86_64-linux-gnu/10/collect2 -plugin /usr/lib/gcc/x86_64-linux-gnu/10/liblto_plugin.so -plugin-opt=/usr/lib/gcc/x86_64-linux-gnu/10/lto-wrapper -plugin-opt=-fresolution=/tmp/ccfU1YIQ.res -plugin-opt=-pass-through=-lgcc -plugin-opt=-pass-through=-lgcc_s -plugin-opt=-pass-through=-lc -plugin-opt=-pass-through=-lgcc -plugin-opt=-pass-through=-lgcc_s --build-id --eh-frame-hdr -m elf_x86_64 --hash-style=gnu --as-needed -dynamic-linker /lib64/ld-linux-x86-64.so.2 -pie -o cmTC_bbabe /usr/lib/gcc/x86_64-linux-gnu/10/../../../x86_64-linux-gnu/Scrt1.o /usr/lib/gcc/x86_64-linux-gnu/10/../../../x86_64-linux-gnu/crti.o /usr/lib/gcc/x86_64-linux-gnu/10/crtbeginS.o -L/usr/lib/gcc/x86_64-linux-gnu/10 -L/usr/lib/gcc/x86_64-linux-gnu/10/../../../x86_64-linux-gnu -L/usr/lib/gcc/x86_64-linux-gnu/10/../../../../lib -L/lib/x86_64-linux-gnu -L/lib/../lib -L/usr/lib/x86_64-linux-gnu -L/usr/lib/../lib -L/usr/lib/gcc/x86_64-linux-gnu/10/../../.. CMakeFiles/cmTC_bbabe.dir/CMakeCCompilerABI.c.o -lgcc --push-state --as-needed -lgcc_s --pop-state -lc -lgcc --push-state --as-needed -lgcc_s --pop-state /usr/lib/gcc/x86_64-linux-gnu/10/crtendS.o /usr/lib/gcc/x86_64-linux-gnu/10/../../../x86_64-linux-gnu/crtn.o]
    arg [/usr/lib/gcc/x86_64-linux-gnu/10/collect2] ==> ignore
    arg [-plugin] ==> ignore
    arg [/usr/lib/gcc/x86_64-linux-gnu/10/liblto_plugin.so] ==> ignore
    arg [-plugin-opt=/usr/lib/gcc/x86_64-linux-gnu/10/lto-wrapper] ==> ignore
    arg [-plugin-opt=-fresolution=/tmp/ccfU1YIQ.res] ==> ignore
    arg [-plugin-opt=-pass-through=-lgcc] ==> ignore
    arg [-plugin-opt=-pass-through=-lgcc_s] ==> ignore
    arg [-plugin-opt=-pass-through=-lc] ==> ignore
    arg [-plugin-opt=-pass-through=-lgcc] ==> ignore
    arg [-plugin-opt=-pass-through=-lgcc_s] ==> ignore
    arg [--build-id] ==> ignore
    arg [--eh-frame-hdr] ==> ignore
    arg [-m] ==> ignore
    arg [elf_x86_64] ==> ignore
    arg [--hash-style=gnu] ==> ignore
    arg [--as-needed] ==> ignore
    arg [-dynamic-linker] ==> ignore
    arg [/lib64/ld-linux-x86-64.so.2] ==> ignore
    arg [-pie] ==> ignore
    arg [-o] ==> ignore
    arg [cmTC_bbabe] ==> ignore
    arg [/usr/lib/gcc/x86_64-linux-gnu/10/../../../x86_64-linux-gnu/Scrt1.o] ==> ignore
    arg [/usr/lib/gcc/x86_64-linux-gnu/10/../../../x86_64-linux-gnu/crti.o] ==> ignore
    arg [/usr/lib/gcc/x86_64-linux-gnu/10/crtbeginS.o] ==> ignore
    arg [-L/usr/lib/gcc/x86_64-linux-gnu/10] ==> dir [/usr/lib/gcc/x86_64-linux-gnu/10]
    arg [-L/usr/lib/gcc/x86_64-linux-gnu/10/../../../x86_64-linux-gnu] ==> dir [/usr/lib/gcc/x86_64-linux-gnu/10/../../../x86_64-linux-gnu]
    arg [-L/usr/lib/gcc/x86_64-linux-gnu/10/../../../../lib] ==> dir [/usr/lib/gcc/x86_64-linux-gnu/10/../../../../lib]
    arg [-L/lib/x86_64-linux-gnu] ==> dir [/lib/x86_64-linux-gnu]
    arg [-L/lib/../lib] ==> dir [/lib/../lib]
    arg [-L/usr/lib/x86_64-linux-gnu] ==> dir [/usr/lib/x86_64-linux-gnu]
    arg [-L/usr/lib/../lib] ==> dir [/usr/lib/../lib]
    arg [-L/usr/lib/gcc/x86_64-linux-gnu/10/../../..] ==> dir [/usr/lib/gcc/x86_64-linux-gnu/10/../../..]
    arg [CMakeFiles/cmTC_bbabe.dir/CMakeCCompilerABI.c.o] ==> ignore
    arg [-lgcc] ==> lib [gcc]
    arg [--push-state] ==> ignore
    arg [--as-needed] ==> ignore
    arg [-lgcc_s] ==> lib [gcc_s]
    arg [--pop-state] ==> ignore
    arg [-lc] ==> lib [c]
    arg [-lgcc] ==> lib [gcc]
    arg [--push-state] ==> ignore
    arg [--as-needed] ==> ignore
    arg [-lgcc_s] ==> lib [gcc_s]
    arg [--pop-state] ==> ignore
    arg [/usr/lib/gcc/x86_64-linux-gnu/10/crtendS.o] ==> ignore
    arg [/usr/lib/gcc/x86_64-linux-gnu/10/../../../x86_64-linux-gnu/crtn.o] ==> ignore
  collapse library dir [/usr/lib/gcc/x86_64-linux-gnu/10] ==> [/usr/lib/gcc/x86_64-linux-gnu/10]
  collapse library dir [/usr/lib/gcc/x86_64-linux-gnu/10/../../../x86_64-linux-gnu] ==> [/usr/lib/x86_64-linux-gnu]
  collapse library dir [/usr/lib/gcc/x86_64-linux-gnu/10/../../../../lib] ==> [/usr/lib]
  collapse library dir [/lib/x86_64-linux-gnu] ==> [/lib/x86_64-linux-gnu]
  collapse library dir [/lib/../lib] ==> [/lib]
  collapse library dir [/usr/lib/x86_64-linux-gnu] ==> [/usr/lib/x86_64-linux-gnu]
  collapse library dir [/usr/lib/../lib] ==> [/usr/lib]
  collapse library dir [/usr/lib/gcc/x86_64-linux-gnu/10/../../..] ==> [/usr/lib]
  implicit libs: [gcc;gcc_s;c;gcc;gcc_s]
  implicit dirs: [/usr/lib/gcc/x86_64-linux-gnu/10;/usr/lib/x86_64-linux-gnu;/usr/lib;/lib/x86_64-linux-gnu;/lib]
  implicit fwks: []


Determining if the CXX compiler works passed with the following output:
Change Dir: /home/king/ollvm/llvm-project-llvmorg-9.0.1/build-debug/CMakeFiles/CMakeTmp

Run Build Command(s):/usr/bin/ninja cmTC_2428a && [1/2] Building CXX object CMakeFiles/cmTC_2428a.dir/testCXXCompiler.cxx.o
[2/2] Linking CXX executable cmTC_2428a



Detecting CXX compiler ABI info compiled with the following output:
Change Dir: /home/king/ollvm/llvm-project-llvmorg-9.0.1/build-debug/CMakeFiles/CMakeTmp

Run Build Command(s):/usr/bin/ninja cmTC_10607 && [1/2] Building CXX object CMakeFiles/cmTC_10607.dir/CMakeCXXCompilerABI.cpp.o
Using built-in specs.
COLLECT_GCC=/usr/bin/c++
OFFLOAD_TARGET_NAMES=nvptx-none:amdgcn-amdhsa:hsa
OFFLOAD_TARGET_DEFAULT=1
Target: x86_64-linux-gnu
Configured with: ../src/configure -v --with-pkgversion='Debian 10.1.0-6' --with-bugurl=file:///usr/share/doc/gcc-10/README.Bugs --enable-languages=c,ada,c++,go,brig,d,fortran,objc,obj-c++,m2 --prefix=/usr --with-gcc-major-version-only --program-suffix=-10 --program-prefix=x86_64-linux-gnu- --enable-shared --enable-linker-build-id --libexecdir=/usr/lib --without-included-gettext --enable-threads=posix --libdir=/usr/lib --enable-nls --enable-clocale=gnu --enable-libstdcxx-debug --enable-libstdcxx-time=yes --with-default-libstdcxx-abi=new --enable-gnu-unique-object --disable-vtable-verify --enable-plugin --enable-default-pie --with-system-zlib --enable-libphobos-checking=release --with-target-system-zlib=auto --enable-objc-gc=auto --enable-multiarch --disable-werror --with-arch-32=i686 --with-abi=m64 --with-multilib-list=m32,m64,mx32 --enable-multilib --with-tune=generic --enable-offload-targets=nvptx-none=/build/gcc-10-3rJeQt/gcc-10-10.1.0/debian/tmp-nvptx/usr,amdgcn-amdhsa=/build/gcc-10-3rJeQt/gcc-10-10.1.0/debian/tmp-gcn/usr,hsa --without-cuda-driver --enable-checking=release --build=x86_64-linux-gnu --host=x86_64-linux-gnu --target=x86_64-linux-gnu
Thread model: posix
Supported LTO compression algorithms: zlib zstd
gcc version 10.1.0 (Debian 10.1.0-6) 
COLLECT_GCC_OPTIONS='-v' '-o' 'CMakeFiles/cmTC_10607.dir/CMakeCXXCompilerABI.cpp.o' '-c' '-shared-libgcc' '-mtune=generic' '-march=x86-64'
 /usr/lib/gcc/x86_64-linux-gnu/10/cc1plus -quiet -v -imultiarch x86_64-linux-gnu -D_GNU_SOURCE /usr/share/cmake-3.16/Modules/CMakeCXXCompilerABI.cpp -quiet -dumpbase CMakeCXXCompilerABI.cpp -mtune=generic -march=x86-64 -auxbase-strip CMakeFiles/cmTC_10607.dir/CMakeCXXCompilerABI.cpp.o -version -fasynchronous-unwind-tables -o /tmp/ccvQOrR0.s
GNU C++14 (Debian 10.1.0-6) version 10.1.0 (x86_64-linux-gnu)
	compiled by GNU C version 10.1.0, GMP version 6.2.0, MPFR version 4.1.0, MPC version 1.1.0, isl version isl-0.22.1-GMP

warning: MPC header version 1.1.0 differs from library version 1.2.0-rc1.
GGC heuristics: --param ggc-min-expand=100 --param ggc-min-heapsize=131072
ignoring duplicate directory "/usr/include/x86_64-linux-gnu/c++/10"
ignoring nonexistent directory "/usr/local/include/x86_64-linux-gnu"
ignoring nonexistent directory "/usr/lib/gcc/x86_64-linux-gnu/10/include-fixed"
ignoring nonexistent directory "/usr/lib/gcc/x86_64-linux-gnu/10/../../../../x86_64-linux-gnu/include"
#include "..." search starts here:
#include <...> search starts here:
 /usr/include/c++/10
 /usr/include/x86_64-linux-gnu/c++/10
 /usr/include/c++/10/backward
 /usr/lib/gcc/x86_64-linux-gnu/10/include
 /usr/local/include
 /usr/include/x86_64-linux-gnu
 /usr/include
End of search list.
GNU C++14 (Debian 10.1.0-6) version 10.1.0 (x86_64-linux-gnu)
	compiled by GNU C version 10.1.0, GMP version 6.2.0, MPFR version 4.1.0, MPC version 1.1.0, isl version isl-0.22.1-GMP

warning: MPC header version 1.1.0 differs from library version 1.2.0-rc1.
GGC heuristics: --param ggc-min-expand=100 --param ggc-min-heapsize=131072
Compiler executable checksum: 92343239b69fa1a3abb3be1247d68371
COLLECT_GCC_OPTIONS='-v' '-o' 'CMakeFiles/cmTC_10607.dir/CMakeCXXCompilerABI.cpp.o' '-c' '-shared-libgcc' '-mtune=generic' '-march=x86-64'
 as -v --64 -o CMakeFiles/cmTC_10607.dir/CMakeCXXCompilerABI.cpp.o /tmp/ccvQOrR0.s
GNU assembler version 2.35 (x86_64-linux-gnu) using BFD version (GNU Binutils for Debian) 2.35
COMPILER_PATH=/usr/lib/gcc/x86_64-linux-gnu/10/:/usr/lib/gcc/x86_64-linux-gnu/10/:/usr/lib/gcc/x86_64-linux-gnu/:/usr/lib/gcc/x86_64-linux-gnu/10/:/usr/lib/gcc/x86_64-linux-gnu/
LIBRARY_PATH=/usr/lib/gcc/x86_64-linux-gnu/10/:/usr/lib/gcc/x86_64-linux-gnu/10/../../../x86_64-linux-gnu/:/usr/lib/gcc/x86_64-linux-gnu/10/../../../../lib/:/lib/x86_64-linux-gnu/:/lib/../lib/:/usr/lib/x86_64-linux-gnu/:/usr/lib/../lib/:/usr/lib/gcc/x86_64-linux-gnu/10/../../../:/lib/:/usr/lib/
COLLECT_GCC_OPTIONS='-v' '-o' 'CMakeFiles/cmTC_10607.dir/CMakeCXXCompilerABI.cpp.o' '-c' '-shared-libgcc' '-mtune=generic' '-march=x86-64'
[2/2] Linking CXX executable cmTC_10607
Using built-in specs.
COLLECT_GCC=/usr/bin/c++
COLLECT_LTO_WRAPPER=/usr/lib/gcc/x86_64-linux-gnu/10/lto-wrapper
OFFLOAD_TARGET_NAMES=nvptx-none:amdgcn-amdhsa:hsa
OFFLOAD_TARGET_DEFAULT=1
Target: x86_64-linux-gnu
Configured with: ../src/configure -v --with-pkgversion='Debian 10.1.0-6' --with-bugurl=file:///usr/share/doc/gcc-10/README.Bugs --enable-languages=c,ada,c++,go,brig,d,fortran,objc,obj-c++,m2 --prefix=/usr --with-gcc-major-version-only --program-suffix=-10 --program-prefix=x86_64-linux-gnu- --enable-shared --enable-linker-build-id --libexecdir=/usr/lib --without-included-gettext --enable-threads=posix --libdir=/usr/lib --enable-nls --enable-clocale=gnu --enable-libstdcxx-debug --enable-libstdcxx-time=yes --with-default-libstdcxx-abi=new --enable-gnu-unique-object --disable-vtable-verify --enable-plugin --enable-default-pie --with-system-zlib --enable-libphobos-checking=release --with-target-system-zlib=auto --enable-objc-gc=auto --enable-multiarch --disable-werror --with-arch-32=i686 --with-abi=m64 --with-multilib-list=m32,m64,mx32 --enable-multilib --with-tune=generic --enable-offload-targets=nvptx-none=/build/gcc-10-3rJeQt/gcc-10-10.1.0/debian/tmp-nvptx/usr,amdgcn-amdhsa=/build/gcc-10-3rJeQt/gcc-10-10.1.0/debian/tmp-gcn/usr,hsa --without-cuda-driver --enable-checking=release --build=x86_64-linux-gnu --host=x86_64-linux-gnu --target=x86_64-linux-gnu
Thread model: posix
Supported LTO compression algorithms: zlib zstd
gcc version 10.1.0 (Debian 10.1.0-6) 
COMPILER_PATH=/usr/lib/gcc/x86_64-linux-gnu/10/:/usr/lib/gcc/x86_64-linux-gnu/10/:/usr/lib/gcc/x86_64-linux-gnu/:/usr/lib/gcc/x86_64-linux-gnu/10/:/usr/lib/gcc/x86_64-linux-gnu/
LIBRARY_PATH=/usr/lib/gcc/x86_64-linux-gnu/10/:/usr/lib/gcc/x86_64-linux-gnu/10/../../../x86_64-linux-gnu/:/usr/lib/gcc/x86_64-linux-gnu/10/../../../../lib/:/lib/x86_64-linux-gnu/:/lib/../lib/:/usr/lib/x86_64-linux-gnu/:/usr/lib/../lib/:/usr/lib/gcc/x86_64-linux-gnu/10/../../../:/lib/:/usr/lib/
COLLECT_GCC_OPTIONS='-v' '-o' 'cmTC_10607' '-shared-libgcc' '-mtune=generic' '-march=x86-64'
 /usr/lib/gcc/x86_64-linux-gnu/10/collect2 -plugin /usr/lib/gcc/x86_64-linux-gnu/10/liblto_plugin.so -plugin-opt=/usr/lib/gcc/x86_64-linux-gnu/10/lto-wrapper -plugin-opt=-fresolution=/tmp/ccMscAcl.res -plugin-opt=-pass-through=-lgcc_s -plugin-opt=-pass-through=-lgcc -plugin-opt=-pass-through=-lc -plugin-opt=-pass-through=-lgcc_s -plugin-opt=-pass-through=-lgcc --build-id --eh-frame-hdr -m elf_x86_64 --hash-style=gnu --as-needed -dynamic-linker /lib64/ld-linux-x86-64.so.2 -pie -o cmTC_10607 /usr/lib/gcc/x86_64-linux-gnu/10/../../../x86_64-linux-gnu/Scrt1.o /usr/lib/gcc/x86_64-linux-gnu/10/../../../x86_64-linux-gnu/crti.o /usr/lib/gcc/x86_64-linux-gnu/10/crtbeginS.o -L/usr/lib/gcc/x86_64-linux-gnu/10 -L/usr/lib/gcc/x86_64-linux-gnu/10/../../../x86_64-linux-gnu -L/usr/lib/gcc/x86_64-linux-gnu/10/../../../../lib -L/lib/x86_64-linux-gnu -L/lib/../lib -L/usr/lib/x86_64-linux-gnu -L/usr/lib/../lib -L/usr/lib/gcc/x86_64-linux-gnu/10/../../.. CMakeFiles/cmTC_10607.dir/CMakeCXXCompilerABI.cpp.o -lstdc++ -lm -lgcc_s -lgcc -lc -lgcc_s -lgcc /usr/lib/gcc/x86_64-linux-gnu/10/crtendS.o /usr/lib/gcc/x86_64-linux-gnu/10/../../../x86_64-linux-gnu/crtn.o
COLLECT_GCC_OPTIONS='-v' '-o' 'cmTC_10607' '-shared-libgcc' '-mtune=generic' '-march=x86-64'



Parsed CXX implicit include dir info from above output: rv=done
  found start of include info
  found start of implicit include info
    add: [/usr/include/c++/10]
    add: [/usr/include/x86_64-linux-gnu/c++/10]
    add: [/usr/include/c++/10/backward]
    add: [/usr/lib/gcc/x86_64-linux-gnu/10/include]
    add: [/usr/local/include]
    add: [/usr/include/x86_64-linux-gnu]
    add: [/usr/include]
  end of search list found
  collapse include dir [/usr/include/c++/10] ==> [/usr/include/c++/10]
  collapse include dir [/usr/include/x86_64-linux-gnu/c++/10] ==> [/usr/include/x86_64-linux-gnu/c++/10]
  collapse include dir [/usr/include/c++/10/backward] ==> [/usr/include/c++/10/backward]
  collapse include dir [/usr/lib/gcc/x86_64-linux-gnu/10/include] ==> [/usr/lib/gcc/x86_64-linux-gnu/10/include]
  collapse include dir [/usr/local/include] ==> [/usr/local/include]
  collapse include dir [/usr/include/x86_64-linux-gnu] ==> [/usr/include/x86_64-linux-gnu]
  collapse include dir [/usr/include] ==> [/usr/include]
  implicit include dirs: [/usr/include/c++/10;/usr/include/x86_64-linux-gnu/c++/10;/usr/include/c++/10/backward;/usr/lib/gcc/x86_64-linux-gnu/10/include;/usr/local/include;/usr/include/x86_64-linux-gnu;/usr/include]


Parsed CXX implicit link information from above output:
  link line regex: [^( *|.*[/\])(ld|CMAKE_LINK_STARTFILE-NOTFOUND|([^/\]+-)?ld|collect2)[^/\]*( |$)]
  ignore line: [Change Dir: /home/king/ollvm/llvm-project-llvmorg-9.0.1/build-debug/CMakeFiles/CMakeTmp]
  ignore line: []
  ignore line: [Run Build Command(s):/usr/bin/ninja cmTC_10607 && [1/2] Building CXX object CMakeFiles/cmTC_10607.dir/CMakeCXXCompilerABI.cpp.o]
  ignore line: [Using built-in specs.]
  ignore line: [COLLECT_GCC=/usr/bin/c++]
  ignore line: [OFFLOAD_TARGET_NAMES=nvptx-none:amdgcn-amdhsa:hsa]
  ignore line: [OFFLOAD_TARGET_DEFAULT=1]
  ignore line: [Target: x86_64-linux-gnu]
  ignore line: [Configured with: ../src/configure -v --with-pkgversion='Debian 10.1.0-6' --with-bugurl=file:///usr/share/doc/gcc-10/README.Bugs --enable-languages=c ada c++ go brig d fortran objc obj-c++ m2 --prefix=/usr --with-gcc-major-version-only --program-suffix=-10 --program-prefix=x86_64-linux-gnu- --enable-shared --enable-linker-build-id --libexecdir=/usr/lib --without-included-gettext --enable-threads=posix --libdir=/usr/lib --enable-nls --enable-clocale=gnu --enable-libstdcxx-debug --enable-libstdcxx-time=yes --with-default-libstdcxx-abi=new --enable-gnu-unique-object --disable-vtable-verify --enable-plugin --enable-default-pie --with-system-zlib --enable-libphobos-checking=release --with-target-system-zlib=auto --enable-objc-gc=auto --enable-multiarch --disable-werror --with-arch-32=i686 --with-abi=m64 --with-multilib-list=m32 m64 mx32 --enable-multilib --with-tune=generic --enable-offload-targets=nvptx-none=/build/gcc-10-3rJeQt/gcc-10-10.1.0/debian/tmp-nvptx/usr amdgcn-amdhsa=/build/gcc-10-3rJeQt/gcc-10-10.1.0/debian/tmp-gcn/usr hsa --without-cuda-driver --enable-checking=release --build=x86_64-linux-gnu --host=x86_64-linux-gnu --target=x86_64-linux-gnu]
  ignore line: [Thread model: posix]
  ignore line: [Supported LTO compression algorithms: zlib zstd]
  ignore line: [gcc version 10.1.0 (Debian 10.1.0-6) ]
  ignore line: [COLLECT_GCC_OPTIONS='-v' '-o' 'CMakeFiles/cmTC_10607.dir/CMakeCXXCompilerABI.cpp.o' '-c' '-shared-libgcc' '-mtune=generic' '-march=x86-64']
  ignore line: [ /usr/lib/gcc/x86_64-linux-gnu/10/cc1plus -quiet -v -imultiarch x86_64-linux-gnu -D_GNU_SOURCE /usr/share/cmake-3.16/Modules/CMakeCXXCompilerABI.cpp -quiet -dumpbase CMakeCXXCompilerABI.cpp -mtune=generic -march=x86-64 -auxbase-strip CMakeFiles/cmTC_10607.dir/CMakeCXXCompilerABI.cpp.o -version -fasynchronous-unwind-tables -o /tmp/ccvQOrR0.s]
  ignore line: [GNU C++14 (Debian 10.1.0-6) version 10.1.0 (x86_64-linux-gnu)]
  ignore line: [	compiled by GNU C version 10.1.0  GMP version 6.2.0  MPFR version 4.1.0  MPC version 1.1.0  isl version isl-0.22.1-GMP]
  ignore line: []
  ignore line: [warning: MPC header version 1.1.0 differs from library version 1.2.0-rc1.]
  ignore line: [GGC heuristics: --param ggc-min-expand=100 --param ggc-min-heapsize=131072]
  ignore line: [ignoring duplicate directory "/usr/include/x86_64-linux-gnu/c++/10"]
  ignore line: [ignoring nonexistent directory "/usr/local/include/x86_64-linux-gnu"]
  ignore line: [ignoring nonexistent directory "/usr/lib/gcc/x86_64-linux-gnu/10/include-fixed"]
  ignore line: [ignoring nonexistent directory "/usr/lib/gcc/x86_64-linux-gnu/10/../../../../x86_64-linux-gnu/include"]
  ignore line: [#include "..." search starts here:]
  ignore line: [#include <...> search starts here:]
  ignore line: [ /usr/include/c++/10]
  ignore line: [ /usr/include/x86_64-linux-gnu/c++/10]
  ignore line: [ /usr/include/c++/10/backward]
  ignore line: [ /usr/lib/gcc/x86_64-linux-gnu/10/include]
  ignore line: [ /usr/local/include]
  ignore line: [ /usr/include/x86_64-linux-gnu]
  ignore line: [ /usr/include]
  ignore line: [End of search list.]
  ignore line: [GNU C++14 (Debian 10.1.0-6) version 10.1.0 (x86_64-linux-gnu)]
  ignore line: [	compiled by GNU C version 10.1.0  GMP version 6.2.0  MPFR version 4.1.0  MPC version 1.1.0  isl version isl-0.22.1-GMP]
  ignore line: []
  ignore line: [warning: MPC header version 1.1.0 differs from library version 1.2.0-rc1.]
  ignore line: [GGC heuristics: --param ggc-min-expand=100 --param ggc-min-heapsize=131072]
  ignore line: [Compiler executable checksum: 92343239b69fa1a3abb3be1247d68371]
  ignore line: [COLLECT_GCC_OPTIONS='-v' '-o' 'CMakeFiles/cmTC_10607.dir/CMakeCXXCompilerABI.cpp.o' '-c' '-shared-libgcc' '-mtune=generic' '-march=x86-64']
  ignore line: [ as -v --64 -o CMakeFiles/cmTC_10607.dir/CMakeCXXCompilerABI.cpp.o /tmp/ccvQOrR0.s]
  ignore line: [GNU assembler version 2.35 (x86_64-linux-gnu) using BFD version (GNU Binutils for Debian) 2.35]
  ignore line: [COMPILER_PATH=/usr/lib/gcc/x86_64-linux-gnu/10/:/usr/lib/gcc/x86_64-linux-gnu/10/:/usr/lib/gcc/x86_64-linux-gnu/:/usr/lib/gcc/x86_64-linux-gnu/10/:/usr/lib/gcc/x86_64-linux-gnu/]
  ignore line: [LIBRARY_PATH=/usr/lib/gcc/x86_64-linux-gnu/10/:/usr/lib/gcc/x86_64-linux-gnu/10/../../../x86_64-linux-gnu/:/usr/lib/gcc/x86_64-linux-gnu/10/../../../../lib/:/lib/x86_64-linux-gnu/:/lib/../lib/:/usr/lib/x86_64-linux-gnu/:/usr/lib/../lib/:/usr/lib/gcc/x86_64-linux-gnu/10/../../../:/lib/:/usr/lib/]
  ignore line: [COLLECT_GCC_OPTIONS='-v' '-o' 'CMakeFiles/cmTC_10607.dir/CMakeCXXCompilerABI.cpp.o' '-c' '-shared-libgcc' '-mtune=generic' '-march=x86-64']
  ignore line: [[2/2] Linking CXX executable cmTC_10607]
  ignore line: [Using built-in specs.]
  ignore line: [COLLECT_GCC=/usr/bin/c++]
  ignore line: [COLLECT_LTO_WRAPPER=/usr/lib/gcc/x86_64-linux-gnu/10/lto-wrapper]
  ignore line: [OFFLOAD_TARGET_NAMES=nvptx-none:amdgcn-amdhsa:hsa]
  ignore line: [OFFLOAD_TARGET_DEFAULT=1]
  ignore line: [Target: x86_64-linux-gnu]
  ignore line: [Configured with: ../src/configure -v --with-pkgversion='Debian 10.1.0-6' --with-bugurl=file:///usr/share/doc/gcc-10/README.Bugs --enable-languages=c ada c++ go brig d fortran objc obj-c++ m2 --prefix=/usr --with-gcc-major-version-only --program-suffix=-10 --program-prefix=x86_64-linux-gnu- --enable-shared --enable-linker-build-id --libexecdir=/usr/lib --without-included-gettext --enable-threads=posix --libdir=/usr/lib --enable-nls --enable-clocale=gnu --enable-libstdcxx-debug --enable-libstdcxx-time=yes --with-default-libstdcxx-abi=new --enable-gnu-unique-object --disable-vtable-verify --enable-plugin --enable-default-pie --with-system-zlib --enable-libphobos-checking=release --with-target-system-zlib=auto --enable-objc-gc=auto --enable-multiarch --disable-werror --with-arch-32=i686 --with-abi=m64 --with-multilib-list=m32 m64 mx32 --enable-multilib --with-tune=generic --enable-offload-targets=nvptx-none=/build/gcc-10-3rJeQt/gcc-10-10.1.0/debian/tmp-nvptx/usr amdgcn-amdhsa=/build/gcc-10-3rJeQt/gcc-10-10.1.0/debian/tmp-gcn/usr hsa --without-cuda-driver --enable-checking=release --build=x86_64-linux-gnu --host=x86_64-linux-gnu --target=x86_64-linux-gnu]
  ignore line: [Thread model: posix]
  ignore line: [Supported LTO compression algorithms: zlib zstd]
  ignore line: [gcc version 10.1.0 (Debian 10.1.0-6) ]
  ignore line: [COMPILER_PATH=/usr/lib/gcc/x86_64-linux-gnu/10/:/usr/lib/gcc/x86_64-linux-gnu/10/:/usr/lib/gcc/x86_64-linux-gnu/:/usr/lib/gcc/x86_64-linux-gnu/10/:/usr/lib/gcc/x86_64-linux-gnu/]
  ignore line: [LIBRARY_PATH=/usr/lib/gcc/x86_64-linux-gnu/10/:/usr/lib/gcc/x86_64-linux-gnu/10/../../../x86_64-linux-gnu/:/usr/lib/gcc/x86_64-linux-gnu/10/../../../../lib/:/lib/x86_64-linux-gnu/:/lib/../lib/:/usr/lib/x86_64-linux-gnu/:/usr/lib/../lib/:/usr/lib/gcc/x86_64-linux-gnu/10/../../../:/lib/:/usr/lib/]
  ignore line: [COLLECT_GCC_OPTIONS='-v' '-o' 'cmTC_10607' '-shared-libgcc' '-mtune=generic' '-march=x86-64']
  link line: [ /usr/lib/gcc/x86_64-linux-gnu/10/collect2 -plugin /usr/lib/gcc/x86_64-linux-gnu/10/liblto_plugin.so -plugin-opt=/usr/lib/gcc/x86_64-linux-gnu/10/lto-wrapper -plugin-opt=-fresolution=/tmp/ccMscAcl.res -plugin-opt=-pass-through=-lgcc_s -plugin-opt=-pass-through=-lgcc -plugin-opt=-pass-through=-lc -plugin-opt=-pass-through=-lgcc_s -plugin-opt=-pass-through=-lgcc --build-id --eh-frame-hdr -m elf_x86_64 --hash-style=gnu --as-needed -dynamic-linker /lib64/ld-linux-x86-64.so.2 -pie -o cmTC_10607 /usr/lib/gcc/x86_64-linux-gnu/10/../../../x86_64-linux-gnu/Scrt1.o /usr/lib/gcc/x86_64-linux-gnu/10/../../../x86_64-linux-gnu/crti.o /usr/lib/gcc/x86_64-linux-gnu/10/crtbeginS.o -L/usr/lib/gcc/x86_64-linux-gnu/10 -L/usr/lib/gcc/x86_64-linux-gnu/10/../../../x86_64-linux-gnu -L/usr/lib/gcc/x86_64-linux-gnu/10/../../../../lib -L/lib/x86_64-linux-gnu -L/lib/../lib -L/usr/lib/x86_64-linux-gnu -L/usr/lib/../lib -L/usr/lib/gcc/x86_64-linux-gnu/10/../../.. CMakeFiles/cmTC_10607.dir/CMakeCXXCompilerABI.cpp.o -lstdc++ -lm -lgcc_s -lgcc -lc -lgcc_s -lgcc /usr/lib/gcc/x86_64-linux-gnu/10/crtendS.o /usr/lib/gcc/x86_64-linux-gnu/10/../../../x86_64-linux-gnu/crtn.o]
    arg [/usr/lib/gcc/x86_64-linux-gnu/10/collect2] ==> ignore
    arg [-plugin] ==> ignore
    arg [/usr/lib/gcc/x86_64-linux-gnu/10/liblto_plugin.so] ==> ignore
    arg [-plugin-opt=/usr/lib/gcc/x86_64-linux-gnu/10/lto-wrapper] ==> ignore
    arg [-plugin-opt=-fresolution=/tmp/ccMscAcl.res] ==> ignore
    arg [-plugin-opt=-pass-through=-lgcc_s] ==> ignore
    arg [-plugin-opt=-pass-through=-lgcc] ==> ignore
    arg [-plugin-opt=-pass-through=-lc] ==> ignore
    arg [-plugin-opt=-pass-through=-lgcc_s] ==> ignore
    arg [-plugin-opt=-pass-through=-lgcc] ==> ignore
    arg [--build-id] ==> ignore
    arg [--eh-frame-hdr] ==> ignore
    arg [-m] ==> ignore
    arg [elf_x86_64] ==> ignore
    arg [--hash-style=gnu] ==> ignore
    arg [--as-needed] ==> ignore
    arg [-dynamic-linker] ==> ignore
    arg [/lib64/ld-linux-x86-64.so.2] ==> ignore
    arg [-pie] ==> ignore
    arg [-o] ==> ignore
    arg [cmTC_10607] ==> ignore
    arg [/usr/lib/gcc/x86_64-linux-gnu/10/../../../x86_64-linux-gnu/Scrt1.o] ==> ignore
    arg [/usr/lib/gcc/x86_64-linux-gnu/10/../../../x86_64-linux-gnu/crti.o] ==> ignore
    arg [/usr/lib/gcc/x86_64-linux-gnu/10/crtbeginS.o] ==> ignore
    arg [-L/usr/lib/gcc/x86_64-linux-gnu/10] ==> dir [/usr/lib/gcc/x86_64-linux-gnu/10]
    arg [-L/usr/lib/gcc/x86_64-linux-gnu/10/../../../x86_64-linux-gnu] ==> dir [/usr/lib/gcc/x86_64-linux-gnu/10/../../../x86_64-linux-gnu]
    arg [-L/usr/lib/gcc/x86_64-linux-gnu/10/../../../../lib] ==> dir [/usr/lib/gcc/x86_64-linux-gnu/10/../../../../lib]
    arg [-L/lib/x86_64-linux-gnu] ==> dir [/lib/x86_64-linux-gnu]
    arg [-L/lib/../lib] ==> dir [/lib/../lib]
    arg [-L/usr/lib/x86_64-linux-gnu] ==> dir [/usr/lib/x86_64-linux-gnu]
    arg [-L/usr/lib/../lib] ==> dir [/usr/lib/../lib]
    arg [-L/usr/lib/gcc/x86_64-linux-gnu/10/../../..] ==> dir [/usr/lib/gcc/x86_64-linux-gnu/10/../../..]
    arg [CMakeFiles/cmTC_10607.dir/CMakeCXXCompilerABI.cpp.o] ==> ignore
    arg [-lstdc++] ==> lib [stdc++]
    arg [-lm] ==> lib [m]
    arg [-lgcc_s] ==> lib [gcc_s]
    arg [-lgcc] ==> lib [gcc]
    arg [-lc] ==> lib [c]
    arg [-lgcc_s] ==> lib [gcc_s]
    arg [-lgcc] ==> lib [gcc]
    arg [/usr/lib/gcc/x86_64-linux-gnu/10/crtendS.o] ==> ignore
    arg [/usr/lib/gcc/x86_64-linux-gnu/10/../../../x86_64-linux-gnu/crtn.o] ==> ignore
  collapse library dir [/usr/lib/gcc/x86_64-linux-gnu/10] ==> [/usr/lib/gcc/x86_64-linux-gnu/10]
  collapse library dir [/usr/lib/gcc/x86_64-linux-gnu/10/../../../x86_64-linux-gnu] ==> [/usr/lib/x86_64-linux-gnu]
  collapse library dir [/usr/lib/gcc/x86_64-linux-gnu/10/../../../../lib] ==> [/usr/lib]
  collapse library dir [/lib/x86_64-linux-gnu] ==> [/lib/x86_64-linux-gnu]
  collapse library dir [/lib/../lib] ==> [/lib]
  collapse library dir [/usr/lib/x86_64-linux-gnu] ==> [/usr/lib/x86_64-linux-gnu]
  collapse library dir [/usr/lib/../lib] ==> [/usr/lib]
  collapse library dir [/usr/lib/gcc/x86_64-linux-gnu/10/../../..] ==> [/usr/lib]
  implicit libs: [stdc++;m;gcc_s;gcc;c;gcc_s;gcc]
  implicit dirs: [/usr/lib/gcc/x86_64-linux-gnu/10;/usr/lib/x86_64-linux-gnu;/usr/lib;/lib/x86_64-linux-gnu;/lib]
  implicit fwks: []


Determining if the include file dlfcn.h exists passed with the following output:
Change Dir: /home/king/ollvm/llvm-project-llvmorg-9.0.1/build-debug/CMakeFiles/CMakeTmp

Run Build Command(s):/usr/bin/ninja cmTC_eebf9 && [1/2] Building C object CMakeFiles/cmTC_eebf9.dir/CheckIncludeFile.c.o
[2/2] Linking C executable cmTC_eebf9



Determining if the include file errno.h exists passed with the following output:
Change Dir: /home/king/ollvm/llvm-project-llvmorg-9.0.1/build-debug/CMakeFiles/CMakeTmp

Run Build Command(s):/usr/bin/ninja cmTC_f2a20 && [1/2] Building C object CMakeFiles/cmTC_f2a20.dir/CheckIncludeFile.c.o
[2/2] Linking C executable cmTC_f2a20



Determining if the include file fcntl.h exists passed with the following output:
Change Dir: /home/king/ollvm/llvm-project-llvmorg-9.0.1/build-debug/CMakeFiles/CMakeTmp

Run Build Command(s):/usr/bin/ninja cmTC_c706b && [1/2] Building C object CMakeFiles/cmTC_c706b.dir/CheckIncludeFile.c.o
[2/2] Linking C executable cmTC_c706b



Determining if the include file link.h exists passed with the following output:
Change Dir: /home/king/ollvm/llvm-project-llvmorg-9.0.1/build-debug/CMakeFiles/CMakeTmp

Run Build Command(s):/usr/bin/ninja cmTC_6875c && [1/2] Building C object CMakeFiles/cmTC_6875c.dir/CheckIncludeFile.c.o
[2/2] Linking C executable cmTC_6875c



Determining if the include file pthread.h exists passed with the following output:
Change Dir: /home/king/ollvm/llvm-project-llvmorg-9.0.1/build-debug/CMakeFiles/CMakeTmp

Run Build Command(s):/usr/bin/ninja cmTC_52c6a && [1/2] Building C object CMakeFiles/cmTC_52c6a.dir/CheckIncludeFile.c.o
[2/2] Linking C executable cmTC_52c6a



Determining if the include file signal.h exists passed with the following output:
Change Dir: /home/king/ollvm/llvm-project-llvmorg-9.0.1/build-debug/CMakeFiles/CMakeTmp

Run Build Command(s):/usr/bin/ninja cmTC_4bea3 && [1/2] Building C object CMakeFiles/cmTC_4bea3.dir/CheckIncludeFile.c.o
[2/2] Linking C executable cmTC_4bea3



Determining if the include file sys/ioctl.h exists passed with the following output:
Change Dir: /home/king/ollvm/llvm-project-llvmorg-9.0.1/build-debug/CMakeFiles/CMakeTmp

Run Build Command(s):/usr/bin/ninja cmTC_044bb && [1/2] Building C object CMakeFiles/cmTC_044bb.dir/CheckIncludeFile.c.o
[2/2] Linking C executable cmTC_044bb



Determining if the include file sys/mman.h exists passed with the following output:
Change Dir: /home/king/ollvm/llvm-project-llvmorg-9.0.1/build-debug/CMakeFiles/CMakeTmp

Run Build Command(s):/usr/bin/ninja cmTC_4a60d && [1/2] Building C object CMakeFiles/cmTC_4a60d.dir/CheckIncludeFile.c.o
[2/2] Linking C executable cmTC_4a60d



Determining if the include file sys/param.h exists passed with the following output:
Change Dir: /home/king/ollvm/llvm-project-llvmorg-9.0.1/build-debug/CMakeFiles/CMakeTmp

Run Build Command(s):/usr/bin/ninja cmTC_2d386 && [1/2] Building C object CMakeFiles/cmTC_2d386.dir/CheckIncludeFile.c.o
[2/2] Linking C executable cmTC_2d386



Determining if the include file sys/resource.h exists passed with the following output:
Change Dir: /home/king/ollvm/llvm-project-llvmorg-9.0.1/build-debug/CMakeFiles/CMakeTmp

Run Build Command(s):/usr/bin/ninja cmTC_e738c && [1/2] Building C object CMakeFiles/cmTC_e738c.dir/CheckIncludeFile.c.o
[2/2] Linking C executable cmTC_e738c



Determining if the include file sys/stat.h exists passed with the following output:
Change Dir: /home/king/ollvm/llvm-project-llvmorg-9.0.1/build-debug/CMakeFiles/CMakeTmp

Run Build Command(s):/usr/bin/ninja cmTC_6eaed && [1/2] Building C object CMakeFiles/cmTC_6eaed.dir/CheckIncludeFile.c.o
[2/2] Linking C executable cmTC_6eaed



Determining if the include file sys/time.h exists passed with the following output:
Change Dir: /home/king/ollvm/llvm-project-llvmorg-9.0.1/build-debug/CMakeFiles/CMakeTmp

Run Build Command(s):/usr/bin/ninja cmTC_b7c25 && [1/2] Building C object CMakeFiles/cmTC_b7c25.dir/CheckIncludeFile.c.o
[2/2] Linking C executable cmTC_b7c25



Determining if the include file sys/types.h exists passed with the following output:
Change Dir: /home/king/ollvm/llvm-project-llvmorg-9.0.1/build-debug/CMakeFiles/CMakeTmp

Run Build Command(s):/usr/bin/ninja cmTC_423b3 && [1/2] Building C object CMakeFiles/cmTC_423b3.dir/CheckIncludeFile.c.o
[2/2] Linking C executable cmTC_423b3



Determining if the include file termios.h exists passed with the following output:
Change Dir: /home/king/ollvm/llvm-project-llvmorg-9.0.1/build-debug/CMakeFiles/CMakeTmp

Run Build Command(s):/usr/bin/ninja cmTC_579a8 && [1/2] Building C object CMakeFiles/cmTC_579a8.dir/CheckIncludeFile.c.o
[2/2] Linking C executable cmTC_579a8



Determining if the include file unistd.h exists passed with the following output:
Change Dir: /home/king/ollvm/llvm-project-llvmorg-9.0.1/build-debug/CMakeFiles/CMakeTmp

Run Build Command(s):/usr/bin/ninja cmTC_c62d5 && [1/2] Building C object CMakeFiles/cmTC_c62d5.dir/CheckIncludeFile.c.o
[2/2] Linking C executable cmTC_c62d5



Determining if the include file zlib.h exists passed with the following output:
Change Dir: /home/king/ollvm/llvm-project-llvmorg-9.0.1/build-debug/CMakeFiles/CMakeTmp

Run Build Command(s):/usr/bin/ninja cmTC_b4009 && [1/2] Building C object CMakeFiles/cmTC_b4009.dir/CheckIncludeFile.c.o
[2/2] Linking C executable cmTC_b4009



Determining if the include file fenv.h exists passed with the following output:
Change Dir: /home/king/ollvm/llvm-project-llvmorg-9.0.1/build-debug/CMakeFiles/CMakeTmp

Run Build Command(s):/usr/bin/ninja cmTC_7e2a2 && [1/2] Building C object CMakeFiles/cmTC_7e2a2.dir/CheckIncludeFile.c.o
[2/2] Linking C executable cmTC_7e2a2



Determining if the FE_ALL_EXCEPT exist passed with the following output:
Change Dir: /home/king/ollvm/llvm-project-llvmorg-9.0.1/build-debug/CMakeFiles/CMakeTmp

Run Build Command(s):/usr/bin/ninja cmTC_90bbd && [1/2] Building C object CMakeFiles/cmTC_90bbd.dir/CheckSymbolExists.c.o
[2/2] Linking C executable cmTC_90bbd


File /home/king/ollvm/llvm-project-llvmorg-9.0.1/build-debug/CMakeFiles/CMakeTmp/CheckSymbolExists.c:
/* */
#include <fenv.h>

int main(int argc, char** argv)
{
  (void)argv;
#ifndef FE_ALL_EXCEPT
  return ((int*)(&FE_ALL_EXCEPT))[argc];
#else
  (void)argc;
  return 0;
#endif
}
Determining if the FE_INEXACT exist passed with the following output:
Change Dir: /home/king/ollvm/llvm-project-llvmorg-9.0.1/build-debug/CMakeFiles/CMakeTmp

Run Build Command(s):/usr/bin/ninja cmTC_92788 && [1/2] Building C object CMakeFiles/cmTC_92788.dir/CheckSymbolExists.c.o
[2/2] Linking C executable cmTC_92788


File /home/king/ollvm/llvm-project-llvmorg-9.0.1/build-debug/CMakeFiles/CMakeTmp/CheckSymbolExists.c:
/* */
#include <fenv.h>

int main(int argc, char** argv)
{
  (void)argv;
#ifndef FE_INEXACT
  return ((int*)(&FE_INEXACT))[argc];
#else
  (void)argc;
  return 0;
#endif
}
Determining if the include file linux/magic.h exists passed with the following output:
Change Dir: /home/king/ollvm/llvm-project-llvmorg-9.0.1/build-debug/CMakeFiles/CMakeTmp

Run Build Command(s):/usr/bin/ninja cmTC_a1ee2 && [1/2] Building C object CMakeFiles/cmTC_a1ee2.dir/CheckIncludeFile.c.o
[2/2] Linking C executable cmTC_a1ee2



Determining if the function pthread_create exists in the pthread passed with the following output:
Change Dir: /home/king/ollvm/llvm-project-llvmorg-9.0.1/build-debug/CMakeFiles/CMakeTmp

Run Build Command(s):/usr/bin/ninja cmTC_007fa && [1/2] Building C object CMakeFiles/cmTC_007fa.dir/CheckFunctionExists.c.o
[2/2] Linking C executable cmTC_007fa



Determining if the function pthread_getspecific exists in the pthread passed with the following output:
Change Dir: /home/king/ollvm/llvm-project-llvmorg-9.0.1/build-debug/CMakeFiles/CMakeTmp

Run Build Command(s):/usr/bin/ninja cmTC_0ba52 && [1/2] Building C object CMakeFiles/cmTC_0ba52.dir/CheckFunctionExists.c.o
[2/2] Linking C executable cmTC_0ba52



Determining if the function pthread_rwlock_init exists in the pthread passed with the following output:
Change Dir: /home/king/ollvm/llvm-project-llvmorg-9.0.1/build-debug/CMakeFiles/CMakeTmp

Run Build Command(s):/usr/bin/ninja cmTC_8c60c && [1/2] Building C object CMakeFiles/cmTC_8c60c.dir/CheckFunctionExists.c.o
[2/2] Linking C executable cmTC_8c60c



Determining if the function pthread_mutex_lock exists in the pthread passed with the following output:
Change Dir: /home/king/ollvm/llvm-project-llvmorg-9.0.1/build-debug/CMakeFiles/CMakeTmp

Run Build Command(s):/usr/bin/ninja cmTC_2144b && [1/2] Building C object CMakeFiles/cmTC_2144b.dir/CheckFunctionExists.c.o
[2/2] Linking C executable cmTC_2144b



Determining if the function dlopen exists in the dl passed with the following output:
Change Dir: /home/king/ollvm/llvm-project-llvmorg-9.0.1/build-debug/CMakeFiles/CMakeTmp

Run Build Command(s):/usr/bin/ninja cmTC_c5eb5 && [1/2] Building C object CMakeFiles/cmTC_c5eb5.dir/CheckFunctionExists.c.o
[2/2] Linking C executable cmTC_c5eb5



Determining if the function clock_gettime exists in the rt passed with the following output:
Change Dir: /home/king/ollvm/llvm-project-llvmorg-9.0.1/build-debug/CMakeFiles/CMakeTmp

Run Build Command(s):/usr/bin/ninja cmTC_2b69b && [1/2] Building C object CMakeFiles/cmTC_2b69b.dir/CheckFunctionExists.c.o
[2/2] Linking C executable cmTC_2b69b



Determining if the include file pthread.h exists passed with the following output:
Change Dir: /home/king/ollvm/llvm-project-llvmorg-9.0.1/build-debug/CMakeFiles/CMakeTmp

Run Build Command(s):/usr/bin/ninja cmTC_82043 && [1/2] Building C object CMakeFiles/cmTC_82043.dir/CheckIncludeFile.c.o
[2/2] Linking C executable cmTC_82043



Determining if the function pthread_create exists in the pthread passed with the following output:
Change Dir: /home/king/ollvm/llvm-project-llvmorg-9.0.1/build-debug/CMakeFiles/CMakeTmp

Run Build Command(s):/usr/bin/ninja cmTC_e0480 && [1/2] Building C object CMakeFiles/cmTC_e0480.dir/CheckFunctionExists.c.o
[2/2] Linking C executable cmTC_e0480



Determining if the function compress2 exists in the z passed with the following output:
Change Dir: /home/king/ollvm/llvm-project-llvmorg-9.0.1/build-debug/CMakeFiles/CMakeTmp

Run Build Command(s):/usr/bin/ninja cmTC_357d3 && [1/2] Building C object CMakeFiles/cmTC_357d3.dir/CheckFunctionExists.c.o
[2/2] Linking C executable cmTC_357d3



Determining if the function setupterm exists in the tinfo passed with the following output:
Change Dir: /home/king/ollvm/llvm-project-llvmorg-9.0.1/build-debug/CMakeFiles/CMakeTmp

Run Build Command(s):/usr/bin/ninja cmTC_c3e2a && [1/2] Building C object CMakeFiles/cmTC_c3e2a.dir/CheckFunctionExists.c.o
[2/2] Linking C executable cmTC_c3e2a



Determining if the backtrace exist passed with the following output:
Change Dir: /home/king/ollvm/llvm-project-llvmorg-9.0.1/build-debug/CMakeFiles/CMakeTmp

Run Build Command(s):/usr/bin/ninja cmTC_7cde7 && [1/2] Building C object CMakeFiles/cmTC_7cde7.dir/CheckSymbolExists.c.o
[2/2] Linking C executable cmTC_7cde7


File /home/king/ollvm/llvm-project-llvmorg-9.0.1/build-debug/CMakeFiles/CMakeTmp/CheckSymbolExists.c:
/* */
#include <execinfo.h>

int main(int argc, char** argv)
{
  (void)argv;
#ifndef backtrace
  return ((int*)(&backtrace))[argc];
#else
  (void)argc;
  return 0;
#endif
}
Determining if the _Unwind_Backtrace exist passed with the following output:
Change Dir: /home/king/ollvm/llvm-project-llvmorg-9.0.1/build-debug/CMakeFiles/CMakeTmp

Run Build Command(s):/usr/bin/ninja cmTC_0a010 && [1/2] Building C object CMakeFiles/cmTC_0a010.dir/CheckSymbolExists.c.o
[2/2] Linking C executable cmTC_0a010


File /home/king/ollvm/llvm-project-llvmorg-9.0.1/build-debug/CMakeFiles/CMakeTmp/CheckSymbolExists.c:
/* */
#include <unwind.h>

int main(int argc, char** argv)
{
  (void)argv;
#ifndef _Unwind_Backtrace
  return ((int*)(&_Unwind_Backtrace))[argc];
#else
  (void)argc;
  return 0;
#endif
}
Determining if the getpagesize exist passed with the following output:
Change Dir: /home/king/ollvm/llvm-project-llvmorg-9.0.1/build-debug/CMakeFiles/CMakeTmp

Run Build Command(s):/usr/bin/ninja cmTC_a2c2b && [1/2] Building C object CMakeFiles/cmTC_a2c2b.dir/CheckSymbolExists.c.o
[2/2] Linking C executable cmTC_a2c2b


File /home/king/ollvm/llvm-project-llvmorg-9.0.1/build-debug/CMakeFiles/CMakeTmp/CheckSymbolExists.c:
/* */
#include <unistd.h>

int main(int argc, char** argv)
{
  (void)argv;
#ifndef getpagesize
  return ((int*)(&getpagesize))[argc];
#else
  (void)argc;
  return 0;
#endif
}
Determining if the sysconf exist passed with the following output:
Change Dir: /home/king/ollvm/llvm-project-llvmorg-9.0.1/build-debug/CMakeFiles/CMakeTmp

Run Build Command(s):/usr/bin/ninja cmTC_38bea && [1/2] Building C object CMakeFiles/cmTC_38bea.dir/CheckSymbolExists.c.o
[2/2] Linking C executable cmTC_38bea


File /home/king/ollvm/llvm-project-llvmorg-9.0.1/build-debug/CMakeFiles/CMakeTmp/CheckSymbolExists.c:
/* */
#include <unistd.h>

int main(int argc, char** argv)
{
  (void)argv;
#ifndef sysconf
  return ((int*)(&sysconf))[argc];
#else
  (void)argc;
  return 0;
#endif
}
Determining if the getrusage exist passed with the following output:
Change Dir: /home/king/ollvm/llvm-project-llvmorg-9.0.1/build-debug/CMakeFiles/CMakeTmp

Run Build Command(s):/usr/bin/ninja cmTC_6d2f8 && [1/2] Building C object CMakeFiles/cmTC_6d2f8.dir/CheckSymbolExists.c.o
[2/2] Linking C executable cmTC_6d2f8


File /home/king/ollvm/llvm-project-llvmorg-9.0.1/build-debug/CMakeFiles/CMakeTmp/CheckSymbolExists.c:
/* */
#include <sys/resource.h>

int main(int argc, char** argv)
{
  (void)argv;
#ifndef getrusage
  return ((int*)(&getrusage))[argc];
#else
  (void)argc;
  return 0;
#endif
}
Determining if the setrlimit exist passed with the following output:
Change Dir: /home/king/ollvm/llvm-project-llvmorg-9.0.1/build-debug/CMakeFiles/CMakeTmp

Run Build Command(s):/usr/bin/ninja cmTC_f5842 && [1/2] Building C object CMakeFiles/cmTC_f5842.dir/CheckSymbolExists.c.o
[2/2] Linking C executable cmTC_f5842


File /home/king/ollvm/llvm-project-llvmorg-9.0.1/build-debug/CMakeFiles/CMakeTmp/CheckSymbolExists.c:
/* */
#include <sys/resource.h>

int main(int argc, char** argv)
{
  (void)argv;
#ifndef setrlimit
  return ((int*)(&setrlimit))[argc];
#else
  (void)argc;
  return 0;
#endif
}
Determining if the isatty exist passed with the following output:
Change Dir: /home/king/ollvm/llvm-project-llvmorg-9.0.1/build-debug/CMakeFiles/CMakeTmp

Run Build Command(s):/usr/bin/ninja cmTC_99b44 && [1/2] Building C object CMakeFiles/cmTC_99b44.dir/CheckSymbolExists.c.o
[2/2] Linking C executable cmTC_99b44


File /home/king/ollvm/llvm-project-llvmorg-9.0.1/build-debug/CMakeFiles/CMakeTmp/CheckSymbolExists.c:
/* */
#include <unistd.h>

int main(int argc, char** argv)
{
  (void)argv;
#ifndef isatty
  return ((int*)(&isatty))[argc];
#else
  (void)argc;
  return 0;
#endif
}
Determining if the futimens exist passed with the following output:
Change Dir: /home/king/ollvm/llvm-project-llvmorg-9.0.1/build-debug/CMakeFiles/CMakeTmp

Run Build Command(s):/usr/bin/ninja cmTC_07ad2 && [1/2] Building C object CMakeFiles/cmTC_07ad2.dir/CheckSymbolExists.c.o
[2/2] Linking C executable cmTC_07ad2


File /home/king/ollvm/llvm-project-llvmorg-9.0.1/build-debug/CMakeFiles/CMakeTmp/CheckSymbolExists.c:
/* */
#include <sys/stat.h>

int main(int argc, char** argv)
{
  (void)argv;
#ifndef futimens
  return ((int*)(&futimens))[argc];
#else
  (void)argc;
  return 0;
#endif
}
Determining if the futimes exist passed with the following output:
Change Dir: /home/king/ollvm/llvm-project-llvmorg-9.0.1/build-debug/CMakeFiles/CMakeTmp

Run Build Command(s):/usr/bin/ninja cmTC_7a24f && [1/2] Building C object CMakeFiles/cmTC_7a24f.dir/CheckSymbolExists.c.o
[2/2] Linking C executable cmTC_7a24f


File /home/king/ollvm/llvm-project-llvmorg-9.0.1/build-debug/CMakeFiles/CMakeTmp/CheckSymbolExists.c:
/* */
#include <sys/time.h>

int main(int argc, char** argv)
{
  (void)argv;
#ifndef futimes
  return ((int*)(&futimes))[argc];
#else
  (void)argc;
  return 0;
#endif
}
Determining if the posix_fallocate exist passed with the following output:
Change Dir: /home/king/ollvm/llvm-project-llvmorg-9.0.1/build-debug/CMakeFiles/CMakeTmp

Run Build Command(s):/usr/bin/ninja cmTC_f0f91 && [1/2] Building C object CMakeFiles/cmTC_f0f91.dir/CheckSymbolExists.c.o
[2/2] Linking C executable cmTC_f0f91


File /home/king/ollvm/llvm-project-llvmorg-9.0.1/build-debug/CMakeFiles/CMakeTmp/CheckSymbolExists.c:
/* */
#include <fcntl.h>

int main(int argc, char** argv)
{
  (void)argv;
#ifndef posix_fallocate
  return ((int*)(&posix_fallocate))[argc];
#else
  (void)argc;
  return 0;
#endif
}
Determining if the sigaltstack exist passed with the following output:
Change Dir: /home/king/ollvm/llvm-project-llvmorg-9.0.1/build-debug/CMakeFiles/CMakeTmp

Run Build Command(s):/usr/bin/ninja cmTC_fe937 && [1/2] Building C object CMakeFiles/cmTC_fe937.dir/CheckSymbolExists.c.o
[2/2] Linking C executable cmTC_fe937


File /home/king/ollvm/llvm-project-llvmorg-9.0.1/build-debug/CMakeFiles/CMakeTmp/CheckSymbolExists.c:
/* */
#include <signal.h>

int main(int argc, char** argv)
{
  (void)argv;
#ifndef sigaltstack
  return ((int*)(&sigaltstack))[argc];
#else
  (void)argc;
  return 0;
#endif
}
Determining if the lseek64 exist passed with the following output:
Change Dir: /home/king/ollvm/llvm-project-llvmorg-9.0.1/build-debug/CMakeFiles/CMakeTmp

Run Build Command(s):/usr/bin/ninja cmTC_49720 && [1/2] Building C object CMakeFiles/cmTC_49720.dir/CheckSymbolExists.c.o
[2/2] Linking C executable cmTC_49720


File /home/king/ollvm/llvm-project-llvmorg-9.0.1/build-debug/CMakeFiles/CMakeTmp/CheckSymbolExists.c:
/* */
#include <sys/types.h>
#include <unistd.h>

int main(int argc, char** argv)
{
  (void)argv;
#ifndef lseek64
  return ((int*)(&lseek64))[argc];
#else
  (void)argc;
  return 0;
#endif
}
Determining if the mallinfo exist passed with the following output:
Change Dir: /home/king/ollvm/llvm-project-llvmorg-9.0.1/build-debug/CMakeFiles/CMakeTmp

Run Build Command(s):/usr/bin/ninja cmTC_d39d5 && [1/2] Building C object CMakeFiles/cmTC_d39d5.dir/CheckSymbolExists.c.o
[2/2] Linking C executable cmTC_d39d5


File /home/king/ollvm/llvm-project-llvmorg-9.0.1/build-debug/CMakeFiles/CMakeTmp/CheckSymbolExists.c:
/* */
#include <malloc.h>

int main(int argc, char** argv)
{
  (void)argv;
#ifndef mallinfo
  return ((int*)(&mallinfo))[argc];
#else
  (void)argc;
  return 0;
#endif
}
Determining if the getrlimit exist passed with the following output:
Change Dir: /home/king/ollvm/llvm-project-llvmorg-9.0.1/build-debug/CMakeFiles/CMakeTmp

Run Build Command(s):/usr/bin/ninja cmTC_b3620 && [1/2] Building C object CMakeFiles/cmTC_b3620.dir/CheckSymbolExists.c.o
[2/2] Linking C executable cmTC_b3620


File /home/king/ollvm/llvm-project-llvmorg-9.0.1/build-debug/CMakeFiles/CMakeTmp/CheckSymbolExists.c:
/* */
#include <sys/types.h>
#include <sys/time.h>
#include <sys/resource.h>

int main(int argc, char** argv)
{
  (void)argv;
#ifndef getrlimit
  return ((int*)(&getrlimit))[argc];
#else
  (void)argc;
  return 0;
#endif
}
Determining if the posix_spawn exist passed with the following output:
Change Dir: /home/king/ollvm/llvm-project-llvmorg-9.0.1/build-debug/CMakeFiles/CMakeTmp

Run Build Command(s):/usr/bin/ninja cmTC_47686 && [1/2] Building C object CMakeFiles/cmTC_47686.dir/CheckSymbolExists.c.o
[2/2] Linking C executable cmTC_47686


File /home/king/ollvm/llvm-project-llvmorg-9.0.1/build-debug/CMakeFiles/CMakeTmp/CheckSymbolExists.c:
/* */
#include <spawn.h>

int main(int argc, char** argv)
{
  (void)argv;
#ifndef posix_spawn
  return ((int*)(&posix_spawn))[argc];
#else
  (void)argc;
  return 0;
#endif
}
Determining if the pread exist passed with the following output:
Change Dir: /home/king/ollvm/llvm-project-llvmorg-9.0.1/build-debug/CMakeFiles/CMakeTmp

Run Build Command(s):/usr/bin/ninja cmTC_71df9 && [1/2] Building C object CMakeFiles/cmTC_71df9.dir/CheckSymbolExists.c.o
[2/2] Linking C executable cmTC_71df9


File /home/king/ollvm/llvm-project-llvmorg-9.0.1/build-debug/CMakeFiles/CMakeTmp/CheckSymbolExists.c:
/* */
#include <unistd.h>

int main(int argc, char** argv)
{
  (void)argv;
#ifndef pread
  return ((int*)(&pread))[argc];
#else
  (void)argc;
  return 0;
#endif
}
Determining if the sbrk exist passed with the following output:
Change Dir: /home/king/ollvm/llvm-project-llvmorg-9.0.1/build-debug/CMakeFiles/CMakeTmp

Run Build Command(s):/usr/bin/ninja cmTC_af82f && [1/2] Building C object CMakeFiles/cmTC_af82f.dir/CheckSymbolExists.c.o
[2/2] Linking C executable cmTC_af82f


File /home/king/ollvm/llvm-project-llvmorg-9.0.1/build-debug/CMakeFiles/CMakeTmp/CheckSymbolExists.c:
/* */
#include <unistd.h>

int main(int argc, char** argv)
{
  (void)argv;
#ifndef sbrk
  return ((int*)(&sbrk))[argc];
#else
  (void)argc;
  return 0;
#endif
}
Determining if the strerror exist passed with the following output:
Change Dir: /home/king/ollvm/llvm-project-llvmorg-9.0.1/build-debug/CMakeFiles/CMakeTmp

Run Build Command(s):/usr/bin/ninja cmTC_509e2 && [1/2] Building C object CMakeFiles/cmTC_509e2.dir/CheckSymbolExists.c.o
[2/2] Linking C executable cmTC_509e2


File /home/king/ollvm/llvm-project-llvmorg-9.0.1/build-debug/CMakeFiles/CMakeTmp/CheckSymbolExists.c:
/* */
#include <string.h>

int main(int argc, char** argv)
{
  (void)argv;
#ifndef strerror
  return ((int*)(&strerror))[argc];
#else
  (void)argc;
  return 0;
#endif
}
Determining if the strerror_r exist passed with the following output:
Change Dir: /home/king/ollvm/llvm-project-llvmorg-9.0.1/build-debug/CMakeFiles/CMakeTmp

Run Build Command(s):/usr/bin/ninja cmTC_1c4e4 && [1/2] Building C object CMakeFiles/cmTC_1c4e4.dir/CheckSymbolExists.c.o
[2/2] Linking C executable cmTC_1c4e4


File /home/king/ollvm/llvm-project-llvmorg-9.0.1/build-debug/CMakeFiles/CMakeTmp/CheckSymbolExists.c:
/* */
#include <string.h>

int main(int argc, char** argv)
{
  (void)argv;
#ifndef strerror_r
  return ((int*)(&strerror_r))[argc];
#else
  (void)argc;
  return 0;
#endif
}
Determining if the setenv exist passed with the following output:
Change Dir: /home/king/ollvm/llvm-project-llvmorg-9.0.1/build-debug/CMakeFiles/CMakeTmp

Run Build Command(s):/usr/bin/ninja cmTC_26b18 && [1/2] Building C object CMakeFiles/cmTC_26b18.dir/CheckSymbolExists.c.o
[2/2] Linking C executable cmTC_26b18


File /home/king/ollvm/llvm-project-llvmorg-9.0.1/build-debug/CMakeFiles/CMakeTmp/CheckSymbolExists.c:
/* */
#include <stdlib.h>

int main(int argc, char** argv)
{
  (void)argv;
#ifndef setenv
  return ((int*)(&setenv))[argc];
#else
  (void)argc;
  return 0;
#endif
}
Determining if the dlopen exist passed with the following output:
Change Dir: /home/king/ollvm/llvm-project-llvmorg-9.0.1/build-debug/CMakeFiles/CMakeTmp

Run Build Command(s):/usr/bin/ninja cmTC_7a31a && [1/2] Building C object CMakeFiles/cmTC_7a31a.dir/CheckSymbolExists.c.o
[2/2] Linking C executable cmTC_7a31a


File /home/king/ollvm/llvm-project-llvmorg-9.0.1/build-debug/CMakeFiles/CMakeTmp/CheckSymbolExists.c:
/* */
#include <dlfcn.h>

int main(int argc, char** argv)
{
  (void)argv;
#ifndef dlopen
  return ((int*)(&dlopen))[argc];
#else
  (void)argc;
  return 0;
#endif
}
Performing C SOURCE FILE Test HAVE_STRUCT_STAT_ST_MTIM_TV_NSEC succeeded with the following output:
Change Dir: /home/king/ollvm/llvm-project-llvmorg-9.0.1/build-debug/CMakeFiles/CMakeTmp

Run Build Command(s):/usr/bin/ninja cmTC_71b14 && [1/2] Building C object CMakeFiles/cmTC_71b14.dir/src.c.o
[2/2] Linking C executable cmTC_71b14


Source file was:

#include <sys/types.h>
#include <sys/stat.h>

int main()
{
  (void)sizeof(((struct stat *)0)->st_mtim.tv_nsec);
  return 0;
}

Determining if the __GLIBC__ exist passed with the following output:
Change Dir: /home/king/ollvm/llvm-project-llvmorg-9.0.1/build-debug/CMakeFiles/CMakeTmp

Run Build Command(s):/usr/bin/ninja cmTC_bff31 && [1/2] Building C object CMakeFiles/cmTC_bff31.dir/CheckSymbolExists.c.o
[2/2] Linking C executable cmTC_bff31


File /home/king/ollvm/llvm-project-llvmorg-9.0.1/build-debug/CMakeFiles/CMakeTmp/CheckSymbolExists.c:
/* */
#include <stdio.h>

int main(int argc, char** argv)
{
  (void)argv;
#ifndef __GLIBC__
  return ((int*)(&__GLIBC__))[argc];
#else
  (void)argc;
  return 0;
#endif
}
Determining if the sched_getaffinity exist passed with the following output:
Change Dir: /home/king/ollvm/llvm-project-llvmorg-9.0.1/build-debug/CMakeFiles/CMakeTmp

Run Build Command(s):/usr/bin/ninja cmTC_23760 && [1/2] Building C object CMakeFiles/cmTC_23760.dir/CheckSymbolExists.c.o
[2/2] Linking C executable cmTC_23760


File /home/king/ollvm/llvm-project-llvmorg-9.0.1/build-debug/CMakeFiles/CMakeTmp/CheckSymbolExists.c:
/* */
#include <sched.h>

int main(int argc, char** argv)
{
  (void)argv;
#ifndef sched_getaffinity
  return ((int*)(&sched_getaffinity))[argc];
#else
  (void)argc;
  return 0;
#endif
}
Determining if the CPU_COUNT exist passed with the following output:
Change Dir: /home/king/ollvm/llvm-project-llvmorg-9.0.1/build-debug/CMakeFiles/CMakeTmp

Run Build Command(s):/usr/bin/ninja cmTC_f4474 && [1/2] Building C object CMakeFiles/cmTC_f4474.dir/CheckSymbolExists.c.o
[2/2] Linking C executable cmTC_f4474


File /home/king/ollvm/llvm-project-llvmorg-9.0.1/build-debug/CMakeFiles/CMakeTmp/CheckSymbolExists.c:
/* */
#include <sched.h>

int main(int argc, char** argv)
{
  (void)argv;
#ifndef CPU_COUNT
  return ((int*)(&CPU_COUNT))[argc];
#else
  (void)argc;
  return 0;
#endif
}
Determining if the pthread_getname_np exist passed with the following output:
Change Dir: /home/king/ollvm/llvm-project-llvmorg-9.0.1/build-debug/CMakeFiles/CMakeTmp

Run Build Command(s):/usr/bin/ninja cmTC_c59d6 && [1/2] Building C object CMakeFiles/cmTC_c59d6.dir/CheckSymbolExists.c.o
[2/2] Linking C executable cmTC_c59d6


File /home/king/ollvm/llvm-project-llvmorg-9.0.1/build-debug/CMakeFiles/CMakeTmp/CheckSymbolExists.c:
/* */
#include <pthread.h>

int main(int argc, char** argv)
{
  (void)argv;
#ifndef pthread_getname_np
  return ((int*)(&pthread_getname_np))[argc];
#else
  (void)argc;
  return 0;
#endif
}
Determining if the pthread_setname_np exist passed with the following output:
Change Dir: /home/king/ollvm/llvm-project-llvmorg-9.0.1/build-debug/CMakeFiles/CMakeTmp

Run Build Command(s):/usr/bin/ninja cmTC_3aa76 && [1/2] Building C object CMakeFiles/cmTC_3aa76.dir/CheckSymbolExists.c.o
[2/2] Linking C executable cmTC_3aa76


File /home/king/ollvm/llvm-project-llvmorg-9.0.1/build-debug/CMakeFiles/CMakeTmp/CheckSymbolExists.c:
/* */
#include <pthread.h>

int main(int argc, char** argv)
{
  (void)argv;
#ifndef pthread_setname_np
  return ((int*)(&pthread_setname_np))[argc];
#else
  (void)argc;
  return 0;
#endif
}
Performing C++ SOURCE FILE Test HAVE_STD_IS_TRIVIALLY_COPYABLE succeeded with the following output:
Change Dir: /home/king/ollvm/llvm-project-llvmorg-9.0.1/build-debug/CMakeFiles/CMakeTmp

Run Build Command(s):/usr/bin/ninja cmTC_b565a && [1/2] Building CXX object CMakeFiles/cmTC_b565a.dir/src.cxx.o
[2/2] Linking CXX executable cmTC_b565a


Source file was:

#include <type_traits>
struct T { int val; };
static_assert(std::is_trivially_copyable<T>::value, "ok");
int main() { return 0;}

Performing C++ SOURCE FILE Test HAVE_CXX_ATOMICS_WITHOUT_LIB succeeded with the following output:
Change Dir: /home/king/ollvm/llvm-project-llvmorg-9.0.1/build-debug/CMakeFiles/CMakeTmp

Run Build Command(s):/usr/bin/ninja cmTC_24c75 && [1/2] Building CXX object CMakeFiles/cmTC_24c75.dir/src.cxx.o
[2/2] Linking CXX executable cmTC_24c75


Source file was:

#include <atomic>
std::atomic<int> x;
int main() {
  return x;
}

Performing C++ SOURCE FILE Test HAVE_CXX_ATOMICS64_WITHOUT_LIB succeeded with the following output:
Change Dir: /home/king/ollvm/llvm-project-llvmorg-9.0.1/build-debug/CMakeFiles/CMakeTmp

Run Build Command(s):/usr/bin/ninja cmTC_2ff72 && [1/2] Building CXX object CMakeFiles/cmTC_2ff72.dir/src.cxx.o
[2/2] Linking CXX executable cmTC_2ff72


Source file was:

#include <atomic>
#include <cstdint>
std::atomic<uint64_t> x (0);
int main() {
  uint64_t i = x.load(std::memory_order_relaxed);
  return 0;
}

Performing C++ SOURCE FILE Test LLVM_HAS_ATOMICS succeeded with the following output:
Change Dir: /home/king/ollvm/llvm-project-llvmorg-9.0.1/build-debug/CMakeFiles/CMakeTmp

Run Build Command(s):/usr/bin/ninja cmTC_7ec0c && [1/2] Building CXX object CMakeFiles/cmTC_7ec0c.dir/src.cxx.o
[2/2] Linking CXX executable cmTC_7ec0c


Source file was:

#ifdef _MSC_VER
#include <windows.h>
#endif
int main() {
#ifdef _MSC_VER
        volatile LONG val = 1;
        MemoryBarrier();
        InterlockedCompareExchange(&val, 0, 1);
        InterlockedIncrement(&val);
        InterlockedDecrement(&val);
#else
        volatile unsigned long val = 1;
        __sync_synchronize();
        __sync_val_compare_and_swap(&val, 1, 0);
        __sync_add_and_fetch(&val, 1);
        __sync_sub_and_fetch(&val, 1);
#endif
        return 0;
      }

Performing C++ SOURCE FILE Test SUPPORTS_VARIADIC_MACROS_FLAG succeeded with the following output:
Change Dir: /home/king/ollvm/llvm-project-llvmorg-9.0.1/build-debug/CMakeFiles/CMakeTmp

Run Build Command(s):/usr/bin/ninja cmTC_037e6 && [1/2] Building CXX object CMakeFiles/cmTC_037e6.dir/src.cxx.o
[2/2] Linking CXX executable cmTC_037e6


Source file was:
int main() { return 0; }
Performing C++ SOURCE FILE Test HAS_MAYBE_UNINITIALIZED succeeded with the following output:
Change Dir: /home/king/ollvm/llvm-project-llvmorg-9.0.1/build-debug/CMakeFiles/CMakeTmp

Run Build Command(s):/usr/bin/ninja cmTC_6a083 && [1/2] Building CXX object CMakeFiles/cmTC_6a083.dir/src.cxx.o
[2/2] Linking CXX executable cmTC_6a083


Source file was:
int main() { return 0; }
Performing C SOURCE FILE Test C_SUPPORTS_FPIC succeeded with the following output:
Change Dir: /home/king/ollvm/llvm-project-llvmorg-9.0.1/build-debug/CMakeFiles/CMakeTmp

Run Build Command(s):/usr/bin/ninja cmTC_40da4 && [1/2] Building C object CMakeFiles/cmTC_40da4.dir/src.c.o
[2/2] Linking C executable cmTC_40da4


Source file was:
int main(void) { return 0; }
Performing C++ SOURCE FILE Test CXX_SUPPORTS_FPIC succeeded with the following output:
Change Dir: /home/king/ollvm/llvm-project-llvmorg-9.0.1/build-debug/CMakeFiles/CMakeTmp

Run Build Command(s):/usr/bin/ninja cmTC_4eecd && [1/2] Building CXX object CMakeFiles/cmTC_4eecd.dir/src.cxx.o
[2/2] Linking CXX executable cmTC_4eecd


Source file was:
int main() { return 0; }
Performing C++ SOURCE FILE Test SUPPORTS_FVISIBILITY_INLINES_HIDDEN_FLAG succeeded with the following output:
Change Dir: /home/king/ollvm/llvm-project-llvmorg-9.0.1/build-debug/CMakeFiles/CMakeTmp

Run Build Command(s):/usr/bin/ninja cmTC_af51a && [1/2] Building CXX object CMakeFiles/cmTC_af51a.dir/src.cxx.o
[2/2] Linking CXX executable cmTC_af51a


Source file was:
int main() { return 0; }
Performing C SOURCE FILE Test C_SUPPORTS_WERROR_DATE_TIME succeeded with the following output:
Change Dir: /home/king/ollvm/llvm-project-llvmorg-9.0.1/build-debug/CMakeFiles/CMakeTmp

Run Build Command(s):/usr/bin/ninja cmTC_83e60 && [1/2] Building C object CMakeFiles/cmTC_83e60.dir/src.c.o
[2/2] Linking C executable cmTC_83e60


Source file was:
int main(void) { return 0; }
Performing C++ SOURCE FILE Test CXX_SUPPORTS_WERROR_DATE_TIME succeeded with the following output:
Change Dir: /home/king/ollvm/llvm-project-llvmorg-9.0.1/build-debug/CMakeFiles/CMakeTmp

Run Build Command(s):/usr/bin/ninja cmTC_ae557 && [1/2] Building CXX object CMakeFiles/cmTC_ae557.dir/src.cxx.o
[2/2] Linking CXX executable cmTC_ae557


Source file was:
int main() { return 0; }
Performing C++ SOURCE FILE Test CXX_SUPPORTS_CXX_STD succeeded with the following output:
Change Dir: /home/king/ollvm/llvm-project-llvmorg-9.0.1/build-debug/CMakeFiles/CMakeTmp

Run Build Command(s):/usr/bin/ninja cmTC_47b49 && [1/2] Building CXX object CMakeFiles/cmTC_47b49.dir/src.cxx.o
[2/2] Linking CXX executable cmTC_47b49


Source file was:
int main() { return 0; }
Performing C++ SOURCE FILE Test CXX_SUPPORTS_MISSING_FIELD_INITIALIZERS_FLAG succeeded with the following output:
Change Dir: /home/king/ollvm/llvm-project-llvmorg-9.0.1/build-debug/CMakeFiles/CMakeTmp

Run Build Command(s):/usr/bin/ninja cmTC_42083 && [1/2] Building CXX object CMakeFiles/cmTC_42083.dir/src.cxx.o
[2/2] Linking CXX executable cmTC_42083


Source file was:
int main() { return 0; }
Performing C SOURCE FILE Test C_SUPPORTS_IMPLICIT_FALLTHROUGH_FLAG succeeded with the following output:
Change Dir: /home/king/ollvm/llvm-project-llvmorg-9.0.1/build-debug/CMakeFiles/CMakeTmp

Run Build Command(s):/usr/bin/ninja cmTC_07d38 && [1/2] Building C object CMakeFiles/cmTC_07d38.dir/src.c.o
[2/2] Linking C executable cmTC_07d38


Source file was:
int main(void) { return 0; }
Performing C++ SOURCE FILE Test CXX_SUPPORTS_IMPLICIT_FALLTHROUGH_FLAG succeeded with the following output:
Change Dir: /home/king/ollvm/llvm-project-llvmorg-9.0.1/build-debug/CMakeFiles/CMakeTmp

Run Build Command(s):/usr/bin/ninja cmTC_7adb5 && [1/2] Building CXX object CMakeFiles/cmTC_7adb5.dir/src.cxx.o
[2/2] Linking CXX executable cmTC_7adb5


Source file was:
int main() { return 0; }
Performing C++ SOURCE FILE Test CXX_SUPPORTS_CLASS_MEMACCESS_FLAG succeeded with the following output:
Change Dir: /home/king/ollvm/llvm-project-llvmorg-9.0.1/build-debug/CMakeFiles/CMakeTmp

Run Build Command(s):/usr/bin/ninja cmTC_52cc1 && [1/2] Building CXX object CMakeFiles/cmTC_52cc1.dir/src.cxx.o
[2/2] Linking CXX executable cmTC_52cc1


Source file was:
int main() { return 0; }
Performing C++ SOURCE FILE Test CXX_SUPPORTS_NOEXCEPT_TYPE_FLAG succeeded with the following output:
Change Dir: /home/king/ollvm/llvm-project-llvmorg-9.0.1/build-debug/CMakeFiles/CMakeTmp

Run Build Command(s):/usr/bin/ninja cmTC_9e231 && [1/2] Building CXX object CMakeFiles/cmTC_9e231.dir/src.cxx.o
[2/2] Linking CXX executable cmTC_9e231


Source file was:
int main() { return 0; }
Performing C++ SOURCE FILE Test CXX_SUPPORTS_DELETE_NON_VIRTUAL_DTOR_FLAG succeeded with the following output:
Change Dir: /home/king/ollvm/llvm-project-llvmorg-9.0.1/build-debug/CMakeFiles/CMakeTmp

Run Build Command(s):/usr/bin/ninja cmTC_d7371 && [1/2] Building CXX object CMakeFiles/cmTC_d7371.dir/src.cxx.o
[2/2] Linking CXX executable cmTC_d7371


Source file was:
int main() { return 0; }
Performing C SOURCE FILE Test C_SUPPORTS_FNO_FUNCTION_SECTIONS succeeded with the following output:
Change Dir: /home/king/ollvm/llvm-project-llvmorg-9.0.1/build-debug/CMakeFiles/CMakeTmp

Run Build Command(s):/usr/bin/ninja cmTC_15042 && [1/2] Building C object CMakeFiles/cmTC_15042.dir/src.c.o
[2/2] Linking C executable cmTC_15042


Source file was:
int main(void) { return 0; }
Performing C SOURCE FILE Test C_SUPPORTS_FFUNCTION_SECTIONS succeeded with the following output:
Change Dir: /home/king/ollvm/llvm-project-llvmorg-9.0.1/build-debug/CMakeFiles/CMakeTmp

Run Build Command(s):/usr/bin/ninja cmTC_98511 && [1/2] Building C object CMakeFiles/cmTC_98511.dir/src.c.o
[2/2] Linking C executable cmTC_98511


Source file was:
int main(void) { return 0; }
Performing C++ SOURCE FILE Test CXX_SUPPORTS_FFUNCTION_SECTIONS succeeded with the following output:
Change Dir: /home/king/ollvm/llvm-project-llvmorg-9.0.1/build-debug/CMakeFiles/CMakeTmp

Run Build Command(s):/usr/bin/ninja cmTC_46c03 && [1/2] Building CXX object CMakeFiles/cmTC_46c03.dir/src.cxx.o
[2/2] Linking CXX executable cmTC_46c03


Source file was:
int main() { return 0; }
Performing C SOURCE FILE Test C_SUPPORTS_FDATA_SECTIONS succeeded with the following output:
Change Dir: /home/king/ollvm/llvm-project-llvmorg-9.0.1/build-debug/CMakeFiles/CMakeTmp

Run Build Command(s):/usr/bin/ninja cmTC_63c96 && [1/2] Building C object CMakeFiles/cmTC_63c96.dir/src.c.o
[2/2] Linking C executable cmTC_63c96


Source file was:
int main(void) { return 0; }
Performing C++ SOURCE FILE Test CXX_SUPPORTS_FDATA_SECTIONS succeeded with the following output:
Change Dir: /home/king/ollvm/llvm-project-llvmorg-9.0.1/build-debug/CMakeFiles/CMakeTmp

Run Build Command(s):/usr/bin/ninja cmTC_90a4f && [1/2] Building CXX object CMakeFiles/cmTC_90a4f.dir/src.cxx.o
[2/2] Linking CXX executable cmTC_90a4f


Source file was:
int main() { return 0; }
Determining if the include file sys/resource.h exists passed with the following output:
Change Dir: /home/king/ollvm/llvm-project-llvmorg-9.0.1/build-debug/CMakeFiles/CMakeTmp

Run Build Command(s):/usr/bin/ninja cmTC_2ebac && [1/2] Building C object CMakeFiles/cmTC_2ebac.dir/CheckIncludeFile.c.o
[2/2] Linking C executable cmTC_2ebac



Determining if files sys/inotify.h exist passed with the following output:
Change Dir: /home/king/ollvm/llvm-project-llvmorg-9.0.1/build-debug/CMakeFiles/CMakeTmp

Run Build Command(s):/usr/bin/ninja cmTC_c805f && [1/2] Building C object CMakeFiles/cmTC_c805f.dir/HAVE_INOTIFY.c.o
[2/2] Linking C executable cmTC_c805f



Performing C++ SOURCE FILE Test HAVE_CXX_FLAG_STD_CXX11 succeeded with the following output:
Change Dir: /home/king/ollvm/llvm-project-llvmorg-9.0.1/build-debug/CMakeFiles/CMakeTmp

Run Build Command(s):/usr/bin/ninja cmTC_aa978 && [1/2] Building CXX object CMakeFiles/cmTC_aa978.dir/src.cxx.o
[2/2] Linking CXX executable cmTC_aa978


Source file was:
int main() { return 0; }
Performing C++ SOURCE FILE Test HAVE_CXX_FLAG_WALL succeeded with the following output:
Change Dir: /home/king/ollvm/llvm-project-llvmorg-9.0.1/build-debug/CMakeFiles/CMakeTmp

Run Build Command(s):/usr/bin/ninja cmTC_140d0 && [1/2] Building CXX object CMakeFiles/cmTC_140d0.dir/src.cxx.o
[2/2] Linking CXX executable cmTC_140d0


Source file was:
int main() { return 0; }
Performing C++ SOURCE FILE Test HAVE_CXX_FLAG_WEXTRA succeeded with the following output:
Change Dir: /home/king/ollvm/llvm-project-llvmorg-9.0.1/build-debug/CMakeFiles/CMakeTmp

Run Build Command(s):/usr/bin/ninja cmTC_50f57 && [1/2] Building CXX object CMakeFiles/cmTC_50f57.dir/src.cxx.o
[2/2] Linking CXX executable cmTC_50f57


Source file was:
int main() { return 0; }
Performing C++ SOURCE FILE Test HAVE_CXX_FLAG_WSHADOW succeeded with the following output:
Change Dir: /home/king/ollvm/llvm-project-llvmorg-9.0.1/build-debug/CMakeFiles/CMakeTmp

Run Build Command(s):/usr/bin/ninja cmTC_26486 && [1/2] Building CXX object CMakeFiles/cmTC_26486.dir/src.cxx.o
[2/2] Linking CXX executable cmTC_26486


Source file was:
int main() { return 0; }
Performing C++ SOURCE FILE Test HAVE_CXX_FLAG_PEDANTIC succeeded with the following output:
Change Dir: /home/king/ollvm/llvm-project-llvmorg-9.0.1/build-debug/CMakeFiles/CMakeTmp

Run Build Command(s):/usr/bin/ninja cmTC_cb042 && [1/2] Building CXX object CMakeFiles/cmTC_cb042.dir/src.cxx.o
[2/2] Linking CXX executable cmTC_cb042


Source file was:
int main() { return 0; }
Performing C++ SOURCE FILE Test HAVE_CXX_FLAG_PEDANTIC_ERRORS succeeded with the following output:
Change Dir: /home/king/ollvm/llvm-project-llvmorg-9.0.1/build-debug/CMakeFiles/CMakeTmp

Run Build Command(s):/usr/bin/ninja cmTC_278f0 && [1/2] Building CXX object CMakeFiles/cmTC_278f0.dir/src.cxx.o
[2/2] Linking CXX executable cmTC_278f0


Source file was:
int main() { return 0; }
Performing C++ SOURCE FILE Test HAVE_CXX_FLAG_WFLOAT_EQUAL succeeded with the following output:
Change Dir: /home/king/ollvm/llvm-project-llvmorg-9.0.1/build-debug/CMakeFiles/CMakeTmp

Run Build Command(s):/usr/bin/ninja cmTC_72273 && [1/2] Building CXX object CMakeFiles/cmTC_72273.dir/src.cxx.o
[2/2] Linking CXX executable cmTC_72273


Source file was:
int main() { return 0; }
Performing C++ SOURCE FILE Test HAVE_CXX_FLAG_FSTRICT_ALIASING succeeded with the following output:
Change Dir: /home/king/ollvm/llvm-project-llvmorg-9.0.1/build-debug/CMakeFiles/CMakeTmp

Run Build Command(s):/usr/bin/ninja cmTC_ff291 && [1/2] Building CXX object CMakeFiles/cmTC_ff291.dir/src.cxx.o
[2/2] Linking CXX executable cmTC_ff291


Source file was:
int main() { return 0; }
Performing C++ SOURCE FILE Test HAVE_CXX_FLAG_FNO_EXCEPTIONS succeeded with the following output:
Change Dir: /home/king/ollvm/llvm-project-llvmorg-9.0.1/build-debug/CMakeFiles/CMakeTmp

Run Build Command(s):/usr/bin/ninja cmTC_279f2 && [1/2] Building CXX object CMakeFiles/cmTC_279f2.dir/src.cxx.o
[2/2] Linking CXX executable cmTC_279f2


Source file was:
int main() { return 0; }
Performing C++ SOURCE FILE Test HAVE_CXX_FLAG_WSTRICT_ALIASING succeeded with the following output:
Change Dir: /home/king/ollvm/llvm-project-llvmorg-9.0.1/build-debug/CMakeFiles/CMakeTmp

Run Build Command(s):/usr/bin/ninja cmTC_62aac && [1/2] Building CXX object CMakeFiles/cmTC_62aac.dir/src.cxx.o
[2/2] Linking CXX executable cmTC_62aac


Source file was:
int main() { return 0; }
Performing C++ SOURCE FILE Test HAVE_CXX_FLAG_COVERAGE succeeded with the following output:
Change Dir: /home/king/ollvm/llvm-project-llvmorg-9.0.1/build-debug/CMakeFiles/CMakeTmp

Run Build Command(s):/usr/bin/ninja cmTC_d661a && [1/2] Building CXX object CMakeFiles/cmTC_d661a.dir/src.cxx.o
[2/2] Linking CXX executable cmTC_d661a


Source file was:
int main() { return 0; }
